[ 2015-10-14T15:31:30+08:00 ] 127.0.0.1 /
INFO: [ app_init ] --START--
INFO: Run Behavior\BuildLiteBehavior [ RunTime:0.000027s ]
INFO: [ app_init ] --END-- [ RunTime:0.019783s ]
INFO: [ app_begin ] --START--
INFO: Run Behavior\ReadHtmlCacheBehavior [ RunTime:0.023975s ]
INFO: [ app_begin ] --END-- [ RunTime:0.024080s ]
INFO: [ view_parse ] --START--
INFO: Run Behavior\ParseTemplateBehavior [ RunTime:0.001279s ]
INFO: [ view_parse ] --END-- [ RunTime:0.001369s ]
INFO: [ view_filter ] --START--
INFO: Run Behavior\WriteHtmlCacheBehavior [ RunTime:0.010848s ]
INFO: [ view_filter ] --END-- [ RunTime:0.010924s ]
INFO: [ app_end ] --START--
INFO: Run Behavior\ShowPageTraceBehavior [ RunTime:0.007922s ]
INFO: [ app_end ] --END-- [ RunTime:0.008026s ]

[ 2015-10-14T23:23:10+08:00 ] 127.0.0.1 /
INFO: [ app_init ] --START--
INFO: Run Behavior\BuildLiteBehavior [ RunTime:0.000025s ]
INFO: [ app_init ] --END-- [ RunTime:0.218179s ]
INFO: [ app_begin ] --START--
INFO: Run Behavior\ReadHtmlCacheBehavior [ RunTime:0.057501s ]
INFO: [ app_begin ] --END-- [ RunTime:0.057604s ]
INFO: [ view_parse ] --START--
INFO: Run Behavior\ParseTemplateBehavior [ RunTime:0.144186s ]
INFO: [ view_parse ] --END-- [ RunTime:0.144292s ]
INFO: [ view_filter ] --START--
INFO: Run Behavior\WriteHtmlCacheBehavior [ RunTime:0.112069s ]
INFO: [ view_filter ] --END-- [ RunTime:0.112148s ]
INFO: [ app_end ] --START--
INFO: Run Behavior\ShowPageTraceBehavior [ RunTime:0.044764s ]
INFO: [ app_end ] --END-- [ RunTime:0.044847s ]

