[ 2015-10-11T01:21:11+08:00 ] 127.0.0.1 /index.php/Gii
INFO: [ app_init ] --START--
INFO: Run Behavior\BuildLiteBehavior [ RunTime:0.000022s ]
INFO: [ app_init ] --END-- [ RunTime:0.000713s ]
INFO: [ app_begin ] --START--
INFO: Run Behavior\ReadHtmlCacheBehavior [ RunTime:0.001376s ]
INFO: [ app_begin ] --END-- [ RunTime:0.001462s ]
INFO: [ view_parse ] --START--
INFO: [ template_filter ] --START--
INFO: Run Behavior\ContentReplaceBehavior [ RunTime:0.000072s ]
INFO: [ template_filter ] --END-- [ RunTime:0.000154s ]
INFO: Run Behavior\ParseTemplateBehavior [ RunTime:0.043377s ]
INFO: [ view_parse ] --END-- [ RunTime:0.043476s ]
INFO: [ view_filter ] --START--
INFO: Run Behavior\WriteHtmlCacheBehavior [ RunTime:0.010187s ]
INFO: [ view_filter ] --END-- [ RunTime:0.010264s ]
INFO: [ app_end ] --START--
INFO: Run Behavior\ShowPageTraceBehavior [ RunTime:0.004611s ]
INFO: [ app_end ] --END-- [ RunTime:0.004691s ]

[ 2015-10-11T01:21:29+08:00 ] 127.0.0.1 /index.php/Gii
INFO: [ app_init ] --START--
INFO: Run Behavior\BuildLiteBehavior [ RunTime:0.000023s ]
INFO: [ app_init ] --END-- [ RunTime:0.000713s ]
INFO: [ app_begin ] --START--
INFO: Run Behavior\ReadHtmlCacheBehavior [ RunTime:0.001182s ]
INFO: [ app_begin ] --END-- [ RunTime:0.001271s ]
SQL: show table status WHERE Name LIKE 'sh_goods' [ RunTime:0.0391s ]
SQL: SHOW FULL FIELDS FROM sh_goods [ RunTime:0.0078s ]
NOTIC: [8] Undefined index: Comment D:\server\myshop\App\Gii\Code_templates\config.php 第 3 行.
NOTIC: [8] Undefined index: Key D:\server\myshop\App\Gii\Code_templates\config.php 第 12 行.
NOTIC: [8] Undefined index: Field D:\server\myshop\App\Gii\Code_templates\config.php 第 17 行.
NOTIC: [8] Undefined index: Field D:\server\myshop\App\Gii\Code_templates\config.php 第 19 行.
NOTIC: [8] Undefined index: Field D:\server\myshop\App\Gii\Code_templates\config.php 第 21 行.
NOTIC: [8] Undefined index: Key D:\server\myshop\App\Gii\Code_templates\config.php 第 12 行.
NOTIC: [8] Undefined index: Field D:\server\myshop\App\Gii\Code_templates\config.php 第 17 行.
NOTIC: [8] Undefined index: Field D:\server\myshop\App\Gii\Code_templates\config.php 第 19 行.
NOTIC: [8] Undefined index: Field D:\server\myshop\App\Gii\Code_templates\config.php 第 21 行.
NOTIC: [8] Undefined index: Key D:\server\myshop\App\Gii\Code_templates\config.php 第 12 行.
NOTIC: [8] Undefined index: Field D:\server\myshop\App\Gii\Code_templates\config.php 第 17 行.
NOTIC: [8] Undefined index: Field D:\server\myshop\App\Gii\Code_templates\config.php 第 19 行.
NOTIC: [8] Undefined index: Field D:\server\myshop\App\Gii\Code_templates\config.php 第 21 行.
NOTIC: [8] Undefined index: Key D:\server\myshop\App\Gii\Code_templates\config.php 第 12 行.
NOTIC: [8] Undefined index: Field D:\server\myshop\App\Gii\Code_templates\config.php 第 17 行.
NOTIC: [8] Undefined index: Field D:\server\myshop\App\Gii\Code_templates\config.php 第 19 行.
NOTIC: [8] Undefined index: Field D:\server\myshop\App\Gii\Code_templates\config.php 第 21 行.
NOTIC: [8] Undefined index: Key D:\server\myshop\App\Gii\Code_templates\config.php 第 12 行.
NOTIC: [8] Undefined index: Field D:\server\myshop\App\Gii\Code_templates\config.php 第 17 行.
NOTIC: [8] Undefined index: Field D:\server\myshop\App\Gii\Code_templates\config.php 第 19 行.
NOTIC: [8] Undefined index: Field D:\server\myshop\App\Gii\Code_templates\config.php 第 21 行.
NOTIC: [8] Undefined index: Key D:\server\myshop\App\Gii\Code_templates\config.php 第 12 行.
NOTIC: [8] Undefined index: Field D:\server\myshop\App\Gii\Code_templates\config.php 第 17 行.
NOTIC: [8] Undefined index: Field D:\server\myshop\App\Gii\Code_templates\config.php 第 19 行.
NOTIC: [8] Undefined index: Field D:\server\myshop\App\Gii\Code_templates\config.php 第 21 行.
NOTIC: [8] Undefined index: Key D:\server\myshop\App\Gii\Code_templates\config.php 第 12 行.
NOTIC: [8] Undefined index: Field D:\server\myshop\App\Gii\Code_templates\config.php 第 17 行.
NOTIC: [8] Undefined index: Field D:\server\myshop\App\Gii\Code_templates\config.php 第 19 行.
NOTIC: [8] Undefined index: Field D:\server\myshop\App\Gii\Code_templates\config.php 第 21 行.
NOTIC: [8] Undefined index: Key D:\server\myshop\App\Gii\Code_templates\config.php 第 12 行.
NOTIC: [8] Undefined index: Field D:\server\myshop\App\Gii\Code_templates\config.php 第 17 行.
NOTIC: [8] Undefined index: Field D:\server\myshop\App\Gii\Code_templates\config.php 第 19 行.
NOTIC: [8] Undefined index: Field D:\server\myshop\App\Gii\Code_templates\config.php 第 21 行.
NOTIC: [8] Undefined index: Key D:\server\myshop\App\Gii\Code_templates\config.php 第 12 行.
NOTIC: [8] Undefined index: Field D:\server\myshop\App\Gii\Code_templates\config.php 第 17 行.
NOTIC: [8] Undefined index: Field D:\server\myshop\App\Gii\Code_templates\config.php 第 19 行.
NOTIC: [8] Undefined index: Field D:\server\myshop\App\Gii\Code_templates\config.php 第 21 行.
NOTIC: [8] Undefined index: Field D:\server\myshop\App\Gii\Code_templates\config.php 第 32 行.
NOTIC: [8] Undefined index: Field D:\server\myshop\App\Gii\Code_templates\config.php 第 32 行.
NOTIC: [8] Undefined index: Field D:\server\myshop\App\Gii\Code_templates\config.php 第 32 行.
NOTIC: [8] Undefined index: Null D:\server\myshop\App\Gii\Code_templates\config.php 第 34 行.
NOTIC: [8] Undefined index: Field D:\server\myshop\App\Gii\Code_templates\config.php 第 37 行.
NOTIC: [8] Undefined index: Type D:\server\myshop\App\Gii\Code_templates\config.php 第 40 行.
NOTIC: [8] Undefined index: Type D:\server\myshop\App\Gii\Code_templates\config.php 第 43 行.
NOTIC: [8] Undefined index: Type D:\server\myshop\App\Gii\Code_templates\config.php 第 46 行.
NOTIC: [8] Undefined index: Type D:\server\myshop\App\Gii\Code_templates\config.php 第 49 行.
NOTIC: [8] Undefined index: Type D:\server\myshop\App\Gii\Code_templates\config.php 第 52 行.
NOTIC: [8] Undefined index: Field D:\server\myshop\App\Gii\Code_templates\config.php 第 32 行.
NOTIC: [8] Undefined index: Field D:\server\myshop\App\Gii\Code_templates\config.php 第 32 行.
NOTIC: [8] Undefined index: Field D:\server\myshop\App\Gii\Code_templates\config.php 第 32 行.
NOTIC: [8] Undefined index: Null D:\server\myshop\App\Gii\Code_templates\config.php 第 34 行.
NOTIC: [8] Undefined index: Field D:\server\myshop\App\Gii\Code_templates\config.php 第 37 行.
NOTIC: [8] Undefined index: Type D:\server\myshop\App\Gii\Code_templates\config.php 第 40 行.
NOTIC: [8] Undefined index: Type D:\server\myshop\App\Gii\Code_templates\config.php 第 43 行.
NOTIC: [8] Undefined index: Type D:\server\myshop\App\Gii\Code_templates\config.php 第 46 行.
NOTIC: [8] Undefined index: Type D:\server\myshop\App\Gii\Code_templates\config.php 第 49 行.
NOTIC: [8] Undefined index: Type D:\server\myshop\App\Gii\Code_templates\config.php 第 52 行.
NOTIC: [8] Undefined index: Field D:\server\myshop\App\Gii\Code_templates\config.php 第 32 行.
NOTIC: [8] Undefined index: Field D:\server\myshop\App\Gii\Code_templates\config.php 第 32 行.
NOTIC: [8] Undefined index: Field D:\server\myshop\App\Gii\Code_templates\config.php 第 32 行.
NOTIC: [8] Undefined index: Null D:\server\myshop\App\Gii\Code_templates\config.php 第 34 行.
NOTIC: [8] Undefined index: Field D:\server\myshop\App\Gii\Code_templates\config.php 第 37 行.
NOTIC: [8] Undefined index: Type D:\server\myshop\App\Gii\Code_templates\config.php 第 40 行.
NOTIC: [8] Undefined index: Type D:\server\myshop\App\Gii\Code_templates\config.php 第 43 行.
NOTIC: [8] Undefined index: Type D:\server\myshop\App\Gii\Code_templates\config.php 第 46 行.
NOTIC: [8] Undefined index: Type D:\server\myshop\App\Gii\Code_templates\config.php 第 49 行.
NOTIC: [8] Undefined index: Type D:\server\myshop\App\Gii\Code_templates\config.php 第 52 行.
NOTIC: [8] Undefined index: Field D:\server\myshop\App\Gii\Code_templates\config.php 第 32 行.
NOTIC: [8] Undefined index: Field D:\server\myshop\App\Gii\Code_templates\config.php 第 32 行.
NOTIC: [8] Undefined index: Field D:\server\myshop\App\Gii\Code_templates\config.php 第 32 行.
NOTIC: [8] Undefined index: Null D:\server\myshop\App\Gii\Code_templates\config.php 第 34 行.
NOTIC: [8] Undefined index: Field D:\server\myshop\App\Gii\Code_templates\config.php 第 37 行.
NOTIC: [8] Undefined index: Type D:\server\myshop\App\Gii\Code_templates\config.php 第 40 行.
NOTIC: [8] Undefined index: Type D:\server\myshop\App\Gii\Code_templates\config.php 第 43 行.
NOTIC: [8] Undefined index: Type D:\server\myshop\App\Gii\Code_templates\config.php 第 46 行.
NOTIC: [8] Undefined index: Type D:\server\myshop\App\Gii\Code_templates\config.php 第 49 行.
NOTIC: [8] Undefined index: Type D:\server\myshop\App\Gii\Code_templates\config.php 第 52 行.
NOTIC: [8] Undefined index: Field D:\server\myshop\App\Gii\Code_templates\config.php 第 32 行.
NOTIC: [8] Undefined index: Field D:\server\myshop\App\Gii\Code_templates\config.php 第 32 行.
NOTIC: [8] Undefined index: Field D:\server\myshop\App\Gii\Code_templates\config.php 第 32 行.
NOTIC: [8] Undefined index: Null D:\server\myshop\App\Gii\Code_templates\config.php 第 34 行.
NOTIC: [8] Undefined index: Field D:\server\myshop\App\Gii\Code_templates\config.php 第 37 行.
NOTIC: [8] Undefined index: Type D:\server\myshop\App\Gii\Code_templates\config.php 第 40 行.
NOTIC: [8] Undefined index: Type D:\server\myshop\App\Gii\Code_templates\config.php 第 43 行.
NOTIC: [8] Undefined index: Type D:\server\myshop\App\Gii\Code_templates\config.php 第 46 行.
NOTIC: [8] Undefined index: Type D:\server\myshop\App\Gii\Code_templates\config.php 第 49 行.
NOTIC: [8] Undefined index: Type D:\server\myshop\App\Gii\Code_templates\config.php 第 52 行.
NOTIC: [8] Undefined index: Field D:\server\myshop\App\Gii\Code_templates\config.php 第 32 行.
NOTIC: [8] Undefined index: Field D:\server\myshop\App\Gii\Code_templates\config.php 第 32 行.
NOTIC: [8] Undefined index: Field D:\server\myshop\App\Gii\Code_templates\config.php 第 32 行.
NOTIC: [8] Undefined index: Null D:\server\myshop\App\Gii\Code_templates\config.php 第 34 行.
NOTIC: [8] Undefined index: Field D:\server\myshop\App\Gii\Code_templates\config.php 第 37 行.
NOTIC: [8] Undefined index: Type D:\server\myshop\App\Gii\Code_templates\config.php 第 40 行.
NOTIC: [8] Undefined index: Type D:\server\myshop\App\Gii\Code_templates\config.php 第 43 行.
NOTIC: [8] Undefined index: Type D:\server\myshop\App\Gii\Code_templates\config.php 第 46 行.
NOTIC: [8] Undefined index: Type D:\server\myshop\App\Gii\Code_templates\config.php 第 49 行.
NOTIC: [8] Undefined index: Type D:\server\myshop\App\Gii\Code_templates\config.php 第 52 行.
NOTIC: [8] Undefined index: Field D:\server\myshop\App\Gii\Code_templates\config.php 第 32 行.
NOTIC: [8] Undefined index: Field D:\server\myshop\App\Gii\Code_templates\config.php 第 32 行.
NOTIC: [8] Undefined index: Field D:\server\myshop\App\Gii\Code_templates\config.php 第 32 行.
NOTIC: [8] Undefined index: Null D:\server\myshop\App\Gii\Code_templates\config.php 第 34 行.
NOTIC: [8] Undefined index: Field D:\server\myshop\App\Gii\Code_templates\config.php 第 37 行.
NOTIC: [8] Undefined index: Type D:\server\myshop\App\Gii\Code_templates\config.php 第 40 行.
NOTIC: [8] Undefined index: Type D:\server\myshop\App\Gii\Code_templates\config.php 第 43 行.
NOTIC: [8] Undefined index: Type D:\server\myshop\App\Gii\Code_templates\config.php 第 46 行.
NOTIC: [8] Undefined index: Type D:\server\myshop\App\Gii\Code_templates\config.php 第 49 行.
NOTIC: [8] Undefined index: Type D:\server\myshop\App\Gii\Code_templates\config.php 第 52 行.
NOTIC: [8] Undefined index: Field D:\server\myshop\App\Gii\Code_templates\config.php 第 32 行.
NOTIC: [8] Undefined index: Field D:\server\myshop\App\Gii\Code_templates\config.php 第 32 行.
NOTIC: [8] Undefined index: Field D:\server\myshop\App\Gii\Code_templates\config.php 第 32 行.
NOTIC: [8] Undefined index: Null D:\server\myshop\App\Gii\Code_templates\config.php 第 34 行.
NOTIC: [8] Undefined index: Field D:\server\myshop\App\Gii\Code_templates\config.php 第 37 行.
NOTIC: [8] Undefined index: Type D:\server\myshop\App\Gii\Code_templates\config.php 第 40 行.
NOTIC: [8] Undefined index: Type D:\server\myshop\App\Gii\Code_templates\config.php 第 43 行.
NOTIC: [8] Undefined index: Type D:\server\myshop\App\Gii\Code_templates\config.php 第 46 行.
NOTIC: [8] Undefined index: Type D:\server\myshop\App\Gii\Code_templates\config.php 第 49 行.
NOTIC: [8] Undefined index: Type D:\server\myshop\App\Gii\Code_templates\config.php 第 52 行.
NOTIC: [8] Undefined index: Field D:\server\myshop\App\Gii\Code_templates\config.php 第 32 行.
NOTIC: [8] Undefined index: Field D:\server\myshop\App\Gii\Code_templates\config.php 第 32 行.
NOTIC: [8] Undefined index: Field D:\server\myshop\App\Gii\Code_templates\config.php 第 32 行.
NOTIC: [8] Undefined index: Null D:\server\myshop\App\Gii\Code_templates\config.php 第 34 行.
NOTIC: [8] Undefined index: Field D:\server\myshop\App\Gii\Code_templates\config.php 第 37 行.
NOTIC: [8] Undefined index: Type D:\server\myshop\App\Gii\Code_templates\config.php 第 40 行.
NOTIC: [8] Undefined index: Type D:\server\myshop\App\Gii\Code_templates\config.php 第 43 行.
NOTIC: [8] Undefined index: Type D:\server\myshop\App\Gii\Code_templates\config.php 第 46 行.
NOTIC: [8] Undefined index: Type D:\server\myshop\App\Gii\Code_templates\config.php 第 49 行.
NOTIC: [8] Undefined index: Type D:\server\myshop\App\Gii\Code_templates\config.php 第 52 行.
NOTIC: [8] Undefined index: Field D:\server\myshop\App\Gii\Code_templates\config.php 第 58 行.
NOTIC: [8] Undefined index: Null D:\server\myshop\App\Gii\Code_templates\config.php 第 60 行.
NOTIC: [8] Undefined index: Key D:\server\myshop\App\Gii\Code_templates\config.php 第 62 行.
NOTIC: [8] Undefined index: Field D:\server\myshop\App\Gii\Code_templates\config.php 第 58 行.
NOTIC: [8] Undefined index: Null D:\server\myshop\App\Gii\Code_templates\config.php 第 60 行.
NOTIC: [8] Undefined index: Key D:\server\myshop\App\Gii\Code_templates\config.php 第 62 行.
NOTIC: [8] Undefined index: Field D:\server\myshop\App\Gii\Code_templates\config.php 第 58 行.
NOTIC: [8] Undefined index: Null D:\server\myshop\App\Gii\Code_templates\config.php 第 60 行.
NOTIC: [8] Undefined index: Key D:\server\myshop\App\Gii\Code_templates\config.php 第 62 行.
NOTIC: [8] Undefined index: Field D:\server\myshop\App\Gii\Code_templates\config.php 第 58 行.
NOTIC: [8] Undefined index: Null D:\server\myshop\App\Gii\Code_templates\config.php 第 60 行.
NOTIC: [8] Undefined index: Key D:\server\myshop\App\Gii\Code_templates\config.php 第 62 行.
NOTIC: [8] Undefined index: Field D:\server\myshop\App\Gii\Code_templates\config.php 第 58 行.
NOTIC: [8] Undefined index: Null D:\server\myshop\App\Gii\Code_templates\config.php 第 60 行.
NOTIC: [8] Undefined index: Key D:\server\myshop\App\Gii\Code_templates\config.php 第 62 行.
NOTIC: [8] Undefined index: Field D:\server\myshop\App\Gii\Code_templates\config.php 第 58 行.
NOTIC: [8] Undefined index: Null D:\server\myshop\App\Gii\Code_templates\config.php 第 60 行.
NOTIC: [8] Undefined index: Key D:\server\myshop\App\Gii\Code_templates\config.php 第 62 行.
NOTIC: [8] Undefined index: Field D:\server\myshop\App\Gii\Code_templates\config.php 第 58 行.
NOTIC: [8] Undefined index: Null D:\server\myshop\App\Gii\Code_templates\config.php 第 60 行.
NOTIC: [8] Undefined index: Key D:\server\myshop\App\Gii\Code_templates\config.php 第 62 行.
NOTIC: [8] Undefined index: Field D:\server\myshop\App\Gii\Code_templates\config.php 第 58 行.
NOTIC: [8] Undefined index: Null D:\server\myshop\App\Gii\Code_templates\config.php 第 60 行.
NOTIC: [8] Undefined index: Key D:\server\myshop\App\Gii\Code_templates\config.php 第 62 行.
NOTIC: [8] Undefined index: Field D:\server\myshop\App\Gii\Code_templates\config.php 第 58 行.
NOTIC: [8] Undefined index: Null D:\server\myshop\App\Gii\Code_templates\config.php 第 60 行.
NOTIC: [8] Undefined index: Key D:\server\myshop\App\Gii\Code_templates\config.php 第 62 行.
NOTIC: [8] Undefined index: Field D:\server\myshop\App\Gii\Code_templates\config.php 第 70 行.
NOTIC: [8] Undefined index: Field D:\server\myshop\App\Gii\Code_templates\config.php 第 70 行.
NOTIC: [8] Undefined index: Field D:\server\myshop\App\Gii\Code_templates\config.php 第 70 行.
NOTIC: [8] Undefined index: Field D:\server\myshop\App\Gii\Code_templates\config.php 第 71 行.
NOTIC: [8] Undefined index: Comment D:\server\myshop\App\Gii\Code_templates\config.php 第 72 行.
NOTIC: [8] Undefined index: Field D:\server\myshop\App\Gii\Code_templates\config.php 第 73 行.
NOTIC: [8] Undefined index: Type D:\server\myshop\App\Gii\Code_templates\config.php 第 81 行.
NOTIC: [8] Undefined index: Type D:\server\myshop\App\Gii\Code_templates\config.php 第 83 行.
NOTIC: [8] Undefined index: Field D:\server\myshop\App\Gii\Code_templates\config.php 第 92 行.
NOTIC: [8] Undefined index: Default D:\server\myshop\App\Gii\Code_templates\config.php 第 97 行.
NOTIC: [8] Undefined index: Field D:\server\myshop\App\Gii\Code_templates\config.php 第 70 行.
NOTIC: [8] Undefined index: Field D:\server\myshop\App\Gii\Code_templates\config.php 第 70 行.
NOTIC: [8] Undefined index: Field D:\server\myshop\App\Gii\Code_templates\config.php 第 70 行.
NOTIC: [8] Undefined index: Field D:\server\myshop\App\Gii\Code_templates\config.php 第 71 行.
NOTIC: [8] Undefined index: Comment D:\server\myshop\App\Gii\Code_templates\config.php 第 72 行.
NOTIC: [8] Undefined index: Field D:\server\myshop\App\Gii\Code_templates\config.php 第 73 行.
NOTIC: [8] Undefined index: Type D:\server\myshop\App\Gii\Code_templates\config.php 第 81 行.
NOTIC: [8] Undefined index: Type D:\server\myshop\App\Gii\Code_templates\config.php 第 83 行.
NOTIC: [8] Undefined index: Field D:\server\myshop\App\Gii\Code_templates\config.php 第 92 行.
NOTIC: [8] Undefined index: Default D:\server\myshop\App\Gii\Code_templates\config.php 第 97 行.
NOTIC: [8] Undefined index: Field D:\server\myshop\App\Gii\Code_templates\config.php 第 70 行.
NOTIC: [8] Undefined index: Field D:\server\myshop\App\Gii\Code_templates\config.php 第 70 行.
NOTIC: [8] Undefined index: Field D:\server\myshop\App\Gii\Code_templates\config.php 第 70 行.
NOTIC: [8] Undefined index: Field D:\server\myshop\App\Gii\Code_templates\config.php 第 71 行.
NOTIC: [8] Undefined index: Comment D:\server\myshop\App\Gii\Code_templates\config.php 第 72 行.
NOTIC: [8] Undefined index: Field D:\server\myshop\App\Gii\Code_templates\config.php 第 73 行.
NOTIC: [8] Undefined index: Type D:\server\myshop\App\Gii\Code_templates\config.php 第 81 行.
NOTIC: [8] Undefined index: Type D:\server\myshop\App\Gii\Code_templates\config.php 第 83 行.
NOTIC: [8] Undefined index: Field D:\server\myshop\App\Gii\Code_templates\config.php 第 92 行.
NOTIC: [8] Undefined index: Default D:\server\myshop\App\Gii\Code_templates\config.php 第 97 行.
NOTIC: [8] Undefined index: Field D:\server\myshop\App\Gii\Code_templates\config.php 第 70 行.
NOTIC: [8] Undefined index: Field D:\server\myshop\App\Gii\Code_templates\config.php 第 70 行.
NOTIC: [8] Undefined index: Field D:\server\myshop\App\Gii\Code_templates\config.php 第 70 行.
NOTIC: [8] Undefined index: Field D:\server\myshop\App\Gii\Code_templates\config.php 第 71 行.
NOTIC: [8] Undefined index: Comment D:\server\myshop\App\Gii\Code_templates\config.php 第 72 行.
NOTIC: [8] Undefined index: Field D:\server\myshop\App\Gii\Code_templates\config.php 第 73 行.
NOTIC: [8] Undefined index: Type D:\server\myshop\App\Gii\Code_templates\config.php 第 81 行.
NOTIC: [8] Undefined index: Type D:\server\myshop\App\Gii\Code_templates\config.php 第 83 行.
NOTIC: [8] Undefined index: Field D:\server\myshop\App\Gii\Code_templates\config.php 第 92 行.
NOTIC: [8] Undefined index: Default D:\server\myshop\App\Gii\Code_templates\config.php 第 97 行.
NOTIC: [8] Undefined index: Field D:\server\myshop\App\Gii\Code_templates\config.php 第 70 行.
NOTIC: [8] Undefined index: Field D:\server\myshop\App\Gii\Code_templates\config.php 第 70 行.
NOTIC: [8] Undefined index: Field D:\server\myshop\App\Gii\Code_templates\config.php 第 70 行.
NOTIC: [8] Undefined index: Field D:\server\myshop\App\Gii\Code_templates\config.php 第 71 行.
NOTIC: [8] Undefined index: Comment D:\server\myshop\App\Gii\Code_templates\config.php 第 72 行.
NOTIC: [8] Undefined index: Field D:\server\myshop\App\Gii\Code_templates\config.php 第 73 行.
NOTIC: [8] Undefined index: Type D:\server\myshop\App\Gii\Code_templates\config.php 第 81 行.
NOTIC: [8] Undefined index: Type D:\server\myshop\App\Gii\Code_templates\config.php 第 83 行.
NOTIC: [8] Undefined index: Field D:\server\myshop\App\Gii\Code_templates\config.php 第 92 行.
NOTIC: [8] Undefined index: Default D:\server\myshop\App\Gii\Code_templates\config.php 第 97 行.
NOTIC: [8] Undefined index: Field D:\server\myshop\App\Gii\Code_templates\config.php 第 70 行.
NOTIC: [8] Undefined index: Field D:\server\myshop\App\Gii\Code_templates\config.php 第 70 行.
NOTIC: [8] Undefined index: Field D:\server\myshop\App\Gii\Code_templates\config.php 第 70 行.
NOTIC: [8] Undefined index: Field D:\server\myshop\App\Gii\Code_templates\config.php 第 71 行.
NOTIC: [8] Undefined index: Comment D:\server\myshop\App\Gii\Code_templates\config.php 第 72 行.
NOTIC: [8] Undefined index: Field D:\server\myshop\App\Gii\Code_templates\config.php 第 73 行.
NOTIC: [8] Undefined index: Type D:\server\myshop\App\Gii\Code_templates\config.php 第 81 行.
NOTIC: [8] Undefined index: Type D:\server\myshop\App\Gii\Code_templates\config.php 第 83 行.
NOTIC: [8] Undefined index: Field D:\server\myshop\App\Gii\Code_templates\config.php 第 92 行.
NOTIC: [8] Undefined index: Default D:\server\myshop\App\Gii\Code_templates\config.php 第 97 行.
NOTIC: [8] Undefined index: Field D:\server\myshop\App\Gii\Code_templates\config.php 第 70 行.
NOTIC: [8] Undefined index: Field D:\server\myshop\App\Gii\Code_templates\config.php 第 70 行.
NOTIC: [8] Undefined index: Field D:\server\myshop\App\Gii\Code_templates\config.php 第 70 行.
NOTIC: [8] Undefined index: Field D:\server\myshop\App\Gii\Code_templates\config.php 第 71 行.
NOTIC: [8] Undefined index: Comment D:\server\myshop\App\Gii\Code_templates\config.php 第 72 行.
NOTIC: [8] Undefined index: Field D:\server\myshop\App\Gii\Code_templates\config.php 第 73 行.
NOTIC: [8] Undefined index: Type D:\server\myshop\App\Gii\Code_templates\config.php 第 81 行.
NOTIC: [8] Undefined index: Type D:\server\myshop\App\Gii\Code_templates\config.php 第 83 行.
NOTIC: [8] Undefined index: Field D:\server\myshop\App\Gii\Code_templates\config.php 第 92 行.
NOTIC: [8] Undefined index: Default D:\server\myshop\App\Gii\Code_templates\config.php 第 97 行.
NOTIC: [8] Undefined index: Field D:\server\myshop\App\Gii\Code_templates\config.php 第 70 行.
NOTIC: [8] Undefined index: Field D:\server\myshop\App\Gii\Code_templates\config.php 第 70 行.
NOTIC: [8] Undefined index: Field D:\server\myshop\App\Gii\Code_templates\config.php 第 70 行.
NOTIC: [8] Undefined index: Field D:\server\myshop\App\Gii\Code_templates\config.php 第 71 行.
NOTIC: [8] Undefined index: Comment D:\server\myshop\App\Gii\Code_templates\config.php 第 72 行.
NOTIC: [8] Undefined index: Field D:\server\myshop\App\Gii\Code_templates\config.php 第 73 行.
NOTIC: [8] Undefined index: Type D:\server\myshop\App\Gii\Code_templates\config.php 第 81 行.
NOTIC: [8] Undefined index: Type D:\server\myshop\App\Gii\Code_templates\config.php 第 83 行.
NOTIC: [8] Undefined index: Field D:\server\myshop\App\Gii\Code_templates\config.php 第 92 行.
NOTIC: [8] Undefined index: Default D:\server\myshop\App\Gii\Code_templates\config.php 第 97 行.
NOTIC: [8] Undefined index: Field D:\server\myshop\App\Gii\Code_templates\config.php 第 70 行.
NOTIC: [8] Undefined index: Field D:\server\myshop\App\Gii\Code_templates\config.php 第 70 行.
NOTIC: [8] Undefined index: Field D:\server\myshop\App\Gii\Code_templates\config.php 第 70 行.
NOTIC: [8] Undefined index: Field D:\server\myshop\App\Gii\Code_templates\config.php 第 71 行.
NOTIC: [8] Undefined index: Comment D:\server\myshop\App\Gii\Code_templates\config.php 第 72 行.
NOTIC: [8] Undefined index: Field D:\server\myshop\App\Gii\Code_templates\config.php 第 73 行.
NOTIC: [8] Undefined index: Type D:\server\myshop\App\Gii\Code_templates\config.php 第 81 行.
NOTIC: [8] Undefined index: Type D:\server\myshop\App\Gii\Code_templates\config.php 第 83 行.
NOTIC: [8] Undefined index: Field D:\server\myshop\App\Gii\Code_templates\config.php 第 92 行.
NOTIC: [8] Undefined index: Default D:\server\myshop\App\Gii\Code_templates\config.php 第 97 行.
NOTIC: [8] Undefined index: Field D:\server\myshop\App\Gii\Code_templates\config.php 第 104 行.
NOTIC: [8] Undefined index: Field D:\server\myshop\App\Gii\Code_templates\config.php 第 104 行.
NOTIC: [8] Undefined index: Field D:\server\myshop\App\Gii\Code_templates\config.php 第 104 行.
NOTIC: [8] Undefined index: Type D:\server\myshop\App\Gii\Code_templates\config.php 第 105 行.
NOTIC: [8] Undefined index: Type D:\server\myshop\App\Gii\Code_templates\config.php 第 107 行.
NOTIC: [8] Undefined index: Type D:\server\myshop\App\Gii\Code_templates\config.php 第 109 行.
NOTIC: [8] Undefined index: Type D:\server\myshop\App\Gii\Code_templates\config.php 第 111 行.
NOTIC: [8] Undefined index: Field D:\server\myshop\App\Gii\Code_templates\config.php 第 114 行.
NOTIC: [8] Undefined index: Comment D:\server\myshop\App\Gii\Code_templates\config.php 第 114 行.
NOTIC: [8] Undefined index: Field D:\server\myshop\App\Gii\Code_templates\config.php 第 104 行.
NOTIC: [8] Undefined index: Field D:\server\myshop\App\Gii\Code_templates\config.php 第 104 行.
NOTIC: [8] Undefined index: Field D:\server\myshop\App\Gii\Code_templates\config.php 第 104 行.
NOTIC: [8] Undefined index: Type D:\server\myshop\App\Gii\Code_templates\config.php 第 105 行.
NOTIC: [8] Undefined index: Type D:\server\myshop\App\Gii\Code_templates\config.php 第 107 行.
NOTIC: [8] Undefined index: Type D:\server\myshop\App\Gii\Code_templates\config.php 第 109 行.
NOTIC: [8] Undefined index: Type D:\server\myshop\App\Gii\Code_templates\config.php 第 111 行.
NOTIC: [8] Undefined index: Field D:\server\myshop\App\Gii\Code_templates\config.php 第 114 行.
NOTIC: [8] Undefined index: Comment D:\server\myshop\App\Gii\Code_templates\config.php 第 114 行.
NOTIC: [8] Undefined index: Field D:\server\myshop\App\Gii\Code_templates\config.php 第 104 行.
NOTIC: [8] Undefined index: Field D:\server\myshop\App\Gii\Code_templates\config.php 第 104 行.
NOTIC: [8] Undefined index: Field D:\server\myshop\App\Gii\Code_templates\config.php 第 104 行.
NOTIC: [8] Undefined index: Type D:\server\myshop\App\Gii\Code_templates\config.php 第 105 行.
NOTIC: [8] Undefined index: Type D:\server\myshop\App\Gii\Code_templates\config.php 第 107 行.
NOTIC: [8] Undefined index: Type D:\server\myshop\App\Gii\Code_templates\config.php 第 109 行.
NOTIC: [8] Undefined index: Type D:\server\myshop\App\Gii\Code_templates\config.php 第 111 行.
NOTIC: [8] Undefined index: Field D:\server\myshop\App\Gii\Code_templates\config.php 第 114 行.
NOTIC: [8] Undefined index: Comment D:\server\myshop\App\Gii\Code_templates\config.php 第 114 行.
NOTIC: [8] Undefined index: Field D:\server\myshop\App\Gii\Code_templates\config.php 第 104 行.
NOTIC: [8] Undefined index: Field D:\server\myshop\App\Gii\Code_templates\config.php 第 104 行.
NOTIC: [8] Undefined index: Field D:\server\myshop\App\Gii\Code_templates\config.php 第 104 行.
NOTIC: [8] Undefined index: Type D:\server\myshop\App\Gii\Code_templates\config.php 第 105 行.
NOTIC: [8] Undefined index: Type D:\server\myshop\App\Gii\Code_templates\config.php 第 107 行.
NOTIC: [8] Undefined index: Type D:\server\myshop\App\Gii\Code_templates\config.php 第 109 行.
NOTIC: [8] Undefined index: Type D:\server\myshop\App\Gii\Code_templates\config.php 第 111 行.
NOTIC: [8] Undefined index: Field D:\server\myshop\App\Gii\Code_templates\config.php 第 114 行.
NOTIC: [8] Undefined index: Comment D:\server\myshop\App\Gii\Code_templates\config.php 第 114 行.
NOTIC: [8] Undefined index: Field D:\server\myshop\App\Gii\Code_templates\config.php 第 104 行.
NOTIC: [8] Undefined index: Field D:\server\myshop\App\Gii\Code_templates\config.php 第 104 行.
NOTIC: [8] Undefined index: Field D:\server\myshop\App\Gii\Code_templates\config.php 第 104 行.
NOTIC: [8] Undefined index: Type D:\server\myshop\App\Gii\Code_templates\config.php 第 105 行.
NOTIC: [8] Undefined index: Type D:\server\myshop\App\Gii\Code_templates\config.php 第 107 行.
NOTIC: [8] Undefined index: Type D:\server\myshop\App\Gii\Code_templates\config.php 第 109 行.
NOTIC: [8] Undefined index: Type D:\server\myshop\App\Gii\Code_templates\config.php 第 111 行.
NOTIC: [8] Undefined index: Field D:\server\myshop\App\Gii\Code_templates\config.php 第 114 行.
NOTIC: [8] Undefined index: Comment D:\server\myshop\App\Gii\Code_templates\config.php 第 114 行.
NOTIC: [8] Undefined index: Field D:\server\myshop\App\Gii\Code_templates\config.php 第 104 行.
NOTIC: [8] Undefined index: Field D:\server\myshop\App\Gii\Code_templates\config.php 第 104 行.
NOTIC: [8] Undefined index: Field D:\server\myshop\App\Gii\Code_templates\config.php 第 104 行.
NOTIC: [8] Undefined index: Type D:\server\myshop\App\Gii\Code_templates\config.php 第 105 行.
NOTIC: [8] Undefined index: Type D:\server\myshop\App\Gii\Code_templates\config.php 第 107 行.
NOTIC: [8] Undefined index: Type D:\server\myshop\App\Gii\Code_templates\config.php 第 109 行.
NOTIC: [8] Undefined index: Type D:\server\myshop\App\Gii\Code_templates\config.php 第 111 行.
NOTIC: [8] Undefined index: Field D:\server\myshop\App\Gii\Code_templates\config.php 第 114 行.
NOTIC: [8] Undefined index: Comment D:\server\myshop\App\Gii\Code_templates\config.php 第 114 行.
NOTIC: [8] Undefined index: Field D:\server\myshop\App\Gii\Code_templates\config.php 第 104 行.
NOTIC: [8] Undefined index: Field D:\server\myshop\App\Gii\Code_templates\config.php 第 104 行.
NOTIC: [8] Undefined index: Field D:\server\myshop\App\Gii\Code_templates\config.php 第 104 行.
NOTIC: [8] Undefined index: Type D:\server\myshop\App\Gii\Code_templates\config.php 第 105 行.
NOTIC: [8] Undefined index: Type D:\server\myshop\App\Gii\Code_templates\config.php 第 107 行.
NOTIC: [8] Undefined index: Type D:\server\myshop\App\Gii\Code_templates\config.php 第 109 行.
NOTIC: [8] Undefined index: Type D:\server\myshop\App\Gii\Code_templates\config.php 第 111 行.
NOTIC: [8] Undefined index: Field D:\server\myshop\App\Gii\Code_templates\config.php 第 114 行.
NOTIC: [8] Undefined index: Comment D:\server\myshop\App\Gii\Code_templates\config.php 第 114 行.
NOTIC: [8] Undefined index: Field D:\server\myshop\App\Gii\Code_templates\config.php 第 104 行.
NOTIC: [8] Undefined index: Field D:\server\myshop\App\Gii\Code_templates\config.php 第 104 行.
NOTIC: [8] Undefined index: Field D:\server\myshop\App\Gii\Code_templates\config.php 第 104 行.
NOTIC: [8] Undefined index: Type D:\server\myshop\App\Gii\Code_templates\config.php 第 105 行.
NOTIC: [8] Undefined index: Type D:\server\myshop\App\Gii\Code_templates\config.php 第 107 行.
NOTIC: [8] Undefined index: Type D:\server\myshop\App\Gii\Code_templates\config.php 第 109 行.
NOTIC: [8] Undefined index: Type D:\server\myshop\App\Gii\Code_templates\config.php 第 111 行.
NOTIC: [8] Undefined index: Field D:\server\myshop\App\Gii\Code_templates\config.php 第 114 行.
NOTIC: [8] Undefined index: Comment D:\server\myshop\App\Gii\Code_templates\config.php 第 114 行.
NOTIC: [8] Undefined index: Field D:\server\myshop\App\Gii\Code_templates\config.php 第 104 行.
NOTIC: [8] Undefined index: Field D:\server\myshop\App\Gii\Code_templates\config.php 第 104 行.
NOTIC: [8] Undefined index: Field D:\server\myshop\App\Gii\Code_templates\config.php 第 104 行.
NOTIC: [8] Undefined index: Type D:\server\myshop\App\Gii\Code_templates\config.php 第 105 行.
NOTIC: [8] Undefined index: Type D:\server\myshop\App\Gii\Code_templates\config.php 第 107 行.
NOTIC: [8] Undefined index: Type D:\server\myshop\App\Gii\Code_templates\config.php 第 109 行.
NOTIC: [8] Undefined index: Type D:\server\myshop\App\Gii\Code_templates\config.php 第 111 行.
NOTIC: [8] Undefined index: Field D:\server\myshop\App\Gii\Code_templates\config.php 第 114 行.
NOTIC: [8] Undefined index: Comment D:\server\myshop\App\Gii\Code_templates\config.php 第 114 行.
INFO: [ view_parse ] --START--
INFO: [ template_filter ] --START--
INFO: Run Behavior\ContentReplaceBehavior [ RunTime:0.000067s ]
INFO: [ template_filter ] --END-- [ RunTime:0.000144s ]
INFO: Run Behavior\ParseTemplateBehavior [ RunTime:0.027707s ]
INFO: [ view_parse ] --END-- [ RunTime:0.027819s ]
INFO: [ view_filter ] --START--
INFO: Run Behavior\WriteHtmlCacheBehavior [ RunTime:0.000669s ]
INFO: [ view_filter ] --END-- [ RunTime:0.000738s ]

[ 2015-10-11T01:21:31+08:00 ] 127.0.0.1 /index.php/Gii
INFO: [ app_init ] --START--
INFO: Run Behavior\BuildLiteBehavior [ RunTime:0.000024s ]
INFO: [ app_init ] --END-- [ RunTime:0.000797s ]
INFO: [ app_begin ] --START--
INFO: Run Behavior\ReadHtmlCacheBehavior [ RunTime:0.001276s ]
INFO: [ app_begin ] --END-- [ RunTime:0.001450s ]
INFO: [ view_parse ] --START--
INFO: [ template_filter ] --START--
INFO: Run Behavior\ContentReplaceBehavior [ RunTime:0.000075s ]
INFO: [ template_filter ] --END-- [ RunTime:0.000164s ]
INFO: Run Behavior\ParseTemplateBehavior [ RunTime:0.016154s ]
INFO: [ view_parse ] --END-- [ RunTime:0.016248s ]
INFO: [ view_filter ] --START--
INFO: Run Behavior\WriteHtmlCacheBehavior [ RunTime:0.000644s ]
INFO: [ view_filter ] --END-- [ RunTime:0.000713s ]
INFO: [ app_end ] --START--
INFO: Run Behavior\ShowPageTraceBehavior [ RunTime:0.001186s ]
INFO: [ app_end ] --END-- [ RunTime:0.001319s ]

[ 2015-10-11T01:25:13+08:00 ] 127.0.0.1 /index.php/Gii
INFO: [ app_init ] --START--
INFO: Run Behavior\BuildLiteBehavior [ RunTime:0.000022s ]
INFO: [ app_init ] --END-- [ RunTime:0.000708s ]
INFO: [ app_begin ] --START--
INFO: Run Behavior\ReadHtmlCacheBehavior [ RunTime:0.001470s ]
INFO: [ app_begin ] --END-- [ RunTime:0.001558s ]
SQL: show table status WHERE Name LIKE 'sh_goods' [ RunTime:0.0023s ]
SQL: SHOW FULL FIELDS FROM sh_goods [ RunTime:0.0914s ]
NOTIC: [8] Undefined index: Comment D:\server\myshop\App\Gii\Code_templates\config.php 第 3 行.
NOTIC: [8] Undefined index: Key D:\server\myshop\App\Gii\Code_templates\config.php 第 12 行.
NOTIC: [8] Undefined index: Field D:\server\myshop\App\Gii\Code_templates\config.php 第 17 行.
NOTIC: [8] Undefined index: Field D:\server\myshop\App\Gii\Code_templates\config.php 第 19 行.
NOTIC: [8] Undefined index: Field D:\server\myshop\App\Gii\Code_templates\config.php 第 21 行.
NOTIC: [8] Undefined index: Key D:\server\myshop\App\Gii\Code_templates\config.php 第 12 行.
NOTIC: [8] Undefined index: Field D:\server\myshop\App\Gii\Code_templates\config.php 第 17 行.
NOTIC: [8] Undefined index: Field D:\server\myshop\App\Gii\Code_templates\config.php 第 19 行.
NOTIC: [8] Undefined index: Field D:\server\myshop\App\Gii\Code_templates\config.php 第 21 行.
NOTIC: [8] Undefined index: Key D:\server\myshop\App\Gii\Code_templates\config.php 第 12 行.
NOTIC: [8] Undefined index: Field D:\server\myshop\App\Gii\Code_templates\config.php 第 17 行.
NOTIC: [8] Undefined index: Field D:\server\myshop\App\Gii\Code_templates\config.php 第 19 行.
NOTIC: [8] Undefined index: Field D:\server\myshop\App\Gii\Code_templates\config.php 第 21 行.
NOTIC: [8] Undefined index: Key D:\server\myshop\App\Gii\Code_templates\config.php 第 12 行.
NOTIC: [8] Undefined index: Field D:\server\myshop\App\Gii\Code_templates\config.php 第 17 行.
NOTIC: [8] Undefined index: Field D:\server\myshop\App\Gii\Code_templates\config.php 第 19 行.
NOTIC: [8] Undefined index: Field D:\server\myshop\App\Gii\Code_templates\config.php 第 21 行.
NOTIC: [8] Undefined index: Key D:\server\myshop\App\Gii\Code_templates\config.php 第 12 行.
NOTIC: [8] Undefined index: Field D:\server\myshop\App\Gii\Code_templates\config.php 第 17 行.
NOTIC: [8] Undefined index: Field D:\server\myshop\App\Gii\Code_templates\config.php 第 19 行.
NOTIC: [8] Undefined index: Field D:\server\myshop\App\Gii\Code_templates\config.php 第 21 行.
NOTIC: [8] Undefined index: Key D:\server\myshop\App\Gii\Code_templates\config.php 第 12 行.
NOTIC: [8] Undefined index: Field D:\server\myshop\App\Gii\Code_templates\config.php 第 17 行.
NOTIC: [8] Undefined index: Field D:\server\myshop\App\Gii\Code_templates\config.php 第 19 行.
NOTIC: [8] Undefined index: Field D:\server\myshop\App\Gii\Code_templates\config.php 第 21 行.
NOTIC: [8] Undefined index: Key D:\server\myshop\App\Gii\Code_templates\config.php 第 12 行.
NOTIC: [8] Undefined index: Field D:\server\myshop\App\Gii\Code_templates\config.php 第 17 行.
NOTIC: [8] Undefined index: Field D:\server\myshop\App\Gii\Code_templates\config.php 第 19 行.
NOTIC: [8] Undefined index: Field D:\server\myshop\App\Gii\Code_templates\config.php 第 21 行.
NOTIC: [8] Undefined index: Key D:\server\myshop\App\Gii\Code_templates\config.php 第 12 行.
NOTIC: [8] Undefined index: Field D:\server\myshop\App\Gii\Code_templates\config.php 第 17 行.
NOTIC: [8] Undefined index: Field D:\server\myshop\App\Gii\Code_templates\config.php 第 19 行.
NOTIC: [8] Undefined index: Field D:\server\myshop\App\Gii\Code_templates\config.php 第 21 行.
NOTIC: [8] Undefined index: Key D:\server\myshop\App\Gii\Code_templates\config.php 第 12 行.
NOTIC: [8] Undefined index: Field D:\server\myshop\App\Gii\Code_templates\config.php 第 17 行.
NOTIC: [8] Undefined index: Field D:\server\myshop\App\Gii\Code_templates\config.php 第 19 行.
NOTIC: [8] Undefined index: Field D:\server\myshop\App\Gii\Code_templates\config.php 第 21 行.
NOTIC: [8] Undefined index: Field D:\server\myshop\App\Gii\Code_templates\config.php 第 32 行.
NOTIC: [8] Undefined index: Field D:\server\myshop\App\Gii\Code_templates\config.php 第 32 行.
NOTIC: [8] Undefined index: Field D:\server\myshop\App\Gii\Code_templates\config.php 第 32 行.
NOTIC: [8] Undefined index: Null D:\server\myshop\App\Gii\Code_templates\config.php 第 34 行.
NOTIC: [8] Undefined index: Field D:\server\myshop\App\Gii\Code_templates\config.php 第 37 行.
NOTIC: [8] Undefined index: Type D:\server\myshop\App\Gii\Code_templates\config.php 第 40 行.
NOTIC: [8] Undefined index: Type D:\server\myshop\App\Gii\Code_templates\config.php 第 43 行.
NOTIC: [8] Undefined index: Type D:\server\myshop\App\Gii\Code_templates\config.php 第 46 行.
NOTIC: [8] Undefined index: Type D:\server\myshop\App\Gii\Code_templates\config.php 第 49 行.
NOTIC: [8] Undefined index: Type D:\server\myshop\App\Gii\Code_templates\config.php 第 52 行.
NOTIC: [8] Undefined index: Field D:\server\myshop\App\Gii\Code_templates\config.php 第 32 行.
NOTIC: [8] Undefined index: Field D:\server\myshop\App\Gii\Code_templates\config.php 第 32 行.
NOTIC: [8] Undefined index: Field D:\server\myshop\App\Gii\Code_templates\config.php 第 32 行.
NOTIC: [8] Undefined index: Null D:\server\myshop\App\Gii\Code_templates\config.php 第 34 行.
NOTIC: [8] Undefined index: Field D:\server\myshop\App\Gii\Code_templates\config.php 第 37 行.
NOTIC: [8] Undefined index: Type D:\server\myshop\App\Gii\Code_templates\config.php 第 40 行.
NOTIC: [8] Undefined index: Type D:\server\myshop\App\Gii\Code_templates\config.php 第 43 行.
NOTIC: [8] Undefined index: Type D:\server\myshop\App\Gii\Code_templates\config.php 第 46 行.
NOTIC: [8] Undefined index: Type D:\server\myshop\App\Gii\Code_templates\config.php 第 49 行.
NOTIC: [8] Undefined index: Type D:\server\myshop\App\Gii\Code_templates\config.php 第 52 行.
NOTIC: [8] Undefined index: Field D:\server\myshop\App\Gii\Code_templates\config.php 第 32 行.
NOTIC: [8] Undefined index: Field D:\server\myshop\App\Gii\Code_templates\config.php 第 32 行.
NOTIC: [8] Undefined index: Field D:\server\myshop\App\Gii\Code_templates\config.php 第 32 行.
NOTIC: [8] Undefined index: Null D:\server\myshop\App\Gii\Code_templates\config.php 第 34 行.
NOTIC: [8] Undefined index: Field D:\server\myshop\App\Gii\Code_templates\config.php 第 37 行.
NOTIC: [8] Undefined index: Type D:\server\myshop\App\Gii\Code_templates\config.php 第 40 行.
NOTIC: [8] Undefined index: Type D:\server\myshop\App\Gii\Code_templates\config.php 第 43 行.
NOTIC: [8] Undefined index: Type D:\server\myshop\App\Gii\Code_templates\config.php 第 46 行.
NOTIC: [8] Undefined index: Type D:\server\myshop\App\Gii\Code_templates\config.php 第 49 行.
NOTIC: [8] Undefined index: Type D:\server\myshop\App\Gii\Code_templates\config.php 第 52 行.
NOTIC: [8] Undefined index: Field D:\server\myshop\App\Gii\Code_templates\config.php 第 32 行.
NOTIC: [8] Undefined index: Field D:\server\myshop\App\Gii\Code_templates\config.php 第 32 行.
NOTIC: [8] Undefined index: Field D:\server\myshop\App\Gii\Code_templates\config.php 第 32 行.
NOTIC: [8] Undefined index: Null D:\server\myshop\App\Gii\Code_templates\config.php 第 34 行.
NOTIC: [8] Undefined index: Field D:\server\myshop\App\Gii\Code_templates\config.php 第 37 行.
NOTIC: [8] Undefined index: Type D:\server\myshop\App\Gii\Code_templates\config.php 第 40 行.
NOTIC: [8] Undefined index: Type D:\server\myshop\App\Gii\Code_templates\config.php 第 43 行.
NOTIC: [8] Undefined index: Type D:\server\myshop\App\Gii\Code_templates\config.php 第 46 行.
NOTIC: [8] Undefined index: Type D:\server\myshop\App\Gii\Code_templates\config.php 第 49 行.
NOTIC: [8] Undefined index: Type D:\server\myshop\App\Gii\Code_templates\config.php 第 52 行.
NOTIC: [8] Undefined index: Field D:\server\myshop\App\Gii\Code_templates\config.php 第 32 行.
NOTIC: [8] Undefined index: Field D:\server\myshop\App\Gii\Code_templates\config.php 第 32 行.
NOTIC: [8] Undefined index: Field D:\server\myshop\App\Gii\Code_templates\config.php 第 32 行.
NOTIC: [8] Undefined index: Null D:\server\myshop\App\Gii\Code_templates\config.php 第 34 行.
NOTIC: [8] Undefined index: Field D:\server\myshop\App\Gii\Code_templates\config.php 第 37 行.
NOTIC: [8] Undefined index: Type D:\server\myshop\App\Gii\Code_templates\config.php 第 40 行.
NOTIC: [8] Undefined index: Type D:\server\myshop\App\Gii\Code_templates\config.php 第 43 行.
NOTIC: [8] Undefined index: Type D:\server\myshop\App\Gii\Code_templates\config.php 第 46 行.
NOTIC: [8] Undefined index: Type D:\server\myshop\App\Gii\Code_templates\config.php 第 49 行.
NOTIC: [8] Undefined index: Type D:\server\myshop\App\Gii\Code_templates\config.php 第 52 行.
NOTIC: [8] Undefined index: Field D:\server\myshop\App\Gii\Code_templates\config.php 第 32 行.
NOTIC: [8] Undefined index: Field D:\server\myshop\App\Gii\Code_templates\config.php 第 32 行.
NOTIC: [8] Undefined index: Field D:\server\myshop\App\Gii\Code_templates\config.php 第 32 行.
NOTIC: [8] Undefined index: Null D:\server\myshop\App\Gii\Code_templates\config.php 第 34 行.
NOTIC: [8] Undefined index: Field D:\server\myshop\App\Gii\Code_templates\config.php 第 37 行.
NOTIC: [8] Undefined index: Type D:\server\myshop\App\Gii\Code_templates\config.php 第 40 行.
NOTIC: [8] Undefined index: Type D:\server\myshop\App\Gii\Code_templates\config.php 第 43 行.
NOTIC: [8] Undefined index: Type D:\server\myshop\App\Gii\Code_templates\config.php 第 46 行.
NOTIC: [8] Undefined index: Type D:\server\myshop\App\Gii\Code_templates\config.php 第 49 行.
NOTIC: [8] Undefined index: Type D:\server\myshop\App\Gii\Code_templates\config.php 第 52 行.
NOTIC: [8] Undefined index: Field D:\server\myshop\App\Gii\Code_templates\config.php 第 32 行.
NOTIC: [8] Undefined index: Field D:\server\myshop\App\Gii\Code_templates\config.php 第 32 行.
NOTIC: [8] Undefined index: Field D:\server\myshop\App\Gii\Code_templates\config.php 第 32 行.
NOTIC: [8] Undefined index: Null D:\server\myshop\App\Gii\Code_templates\config.php 第 34 行.
NOTIC: [8] Undefined index: Field D:\server\myshop\App\Gii\Code_templates\config.php 第 37 行.
NOTIC: [8] Undefined index: Type D:\server\myshop\App\Gii\Code_templates\config.php 第 40 行.
NOTIC: [8] Undefined index: Type D:\server\myshop\App\Gii\Code_templates\config.php 第 43 行.
NOTIC: [8] Undefined index: Type D:\server\myshop\App\Gii\Code_templates\config.php 第 46 行.
NOTIC: [8] Undefined index: Type D:\server\myshop\App\Gii\Code_templates\config.php 第 49 行.
NOTIC: [8] Undefined index: Type D:\server\myshop\App\Gii\Code_templates\config.php 第 52 行.
NOTIC: [8] Undefined index: Field D:\server\myshop\App\Gii\Code_templates\config.php 第 32 行.
NOTIC: [8] Undefined index: Field D:\server\myshop\App\Gii\Code_templates\config.php 第 32 行.
NOTIC: [8] Undefined index: Field D:\server\myshop\App\Gii\Code_templates\config.php 第 32 行.
NOTIC: [8] Undefined index: Null D:\server\myshop\App\Gii\Code_templates\config.php 第 34 行.
NOTIC: [8] Undefined index: Field D:\server\myshop\App\Gii\Code_templates\config.php 第 37 行.
NOTIC: [8] Undefined index: Type D:\server\myshop\App\Gii\Code_templates\config.php 第 40 行.
NOTIC: [8] Undefined index: Type D:\server\myshop\App\Gii\Code_templates\config.php 第 43 行.
NOTIC: [8] Undefined index: Type D:\server\myshop\App\Gii\Code_templates\config.php 第 46 行.
NOTIC: [8] Undefined index: Type D:\server\myshop\App\Gii\Code_templates\config.php 第 49 行.
NOTIC: [8] Undefined index: Type D:\server\myshop\App\Gii\Code_templates\config.php 第 52 行.
NOTIC: [8] Undefined index: Field D:\server\myshop\App\Gii\Code_templates\config.php 第 32 行.
NOTIC: [8] Undefined index: Field D:\server\myshop\App\Gii\Code_templates\config.php 第 32 行.
NOTIC: [8] Undefined index: Field D:\server\myshop\App\Gii\Code_templates\config.php 第 32 行.
NOTIC: [8] Undefined index: Null D:\server\myshop\App\Gii\Code_templates\config.php 第 34 行.
NOTIC: [8] Undefined index: Field D:\server\myshop\App\Gii\Code_templates\config.php 第 37 行.
NOTIC: [8] Undefined index: Type D:\server\myshop\App\Gii\Code_templates\config.php 第 40 行.
NOTIC: [8] Undefined index: Type D:\server\myshop\App\Gii\Code_templates\config.php 第 43 行.
NOTIC: [8] Undefined index: Type D:\server\myshop\App\Gii\Code_templates\config.php 第 46 行.
NOTIC: [8] Undefined index: Type D:\server\myshop\App\Gii\Code_templates\config.php 第 49 行.
NOTIC: [8] Undefined index: Type D:\server\myshop\App\Gii\Code_templates\config.php 第 52 行.
NOTIC: [8] Undefined index: Field D:\server\myshop\App\Gii\Code_templates\config.php 第 58 行.
NOTIC: [8] Undefined index: Null D:\server\myshop\App\Gii\Code_templates\config.php 第 60 行.
NOTIC: [8] Undefined index: Key D:\server\myshop\App\Gii\Code_templates\config.php 第 62 行.
NOTIC: [8] Undefined index: Field D:\server\myshop\App\Gii\Code_templates\config.php 第 58 行.
NOTIC: [8] Undefined index: Null D:\server\myshop\App\Gii\Code_templates\config.php 第 60 行.
NOTIC: [8] Undefined index: Key D:\server\myshop\App\Gii\Code_templates\config.php 第 62 行.
NOTIC: [8] Undefined index: Field D:\server\myshop\App\Gii\Code_templates\config.php 第 58 行.
NOTIC: [8] Undefined index: Null D:\server\myshop\App\Gii\Code_templates\config.php 第 60 行.
NOTIC: [8] Undefined index: Key D:\server\myshop\App\Gii\Code_templates\config.php 第 62 行.
NOTIC: [8] Undefined index: Field D:\server\myshop\App\Gii\Code_templates\config.php 第 58 行.
NOTIC: [8] Undefined index: Null D:\server\myshop\App\Gii\Code_templates\config.php 第 60 行.
NOTIC: [8] Undefined index: Key D:\server\myshop\App\Gii\Code_templates\config.php 第 62 行.
NOTIC: [8] Undefined index: Field D:\server\myshop\App\Gii\Code_templates\config.php 第 58 行.
NOTIC: [8] Undefined index: Null D:\server\myshop\App\Gii\Code_templates\config.php 第 60 行.
NOTIC: [8] Undefined index: Key D:\server\myshop\App\Gii\Code_templates\config.php 第 62 行.
NOTIC: [8] Undefined index: Field D:\server\myshop\App\Gii\Code_templates\config.php 第 58 行.
NOTIC: [8] Undefined index: Null D:\server\myshop\App\Gii\Code_templates\config.php 第 60 行.
NOTIC: [8] Undefined index: Key D:\server\myshop\App\Gii\Code_templates\config.php 第 62 行.
NOTIC: [8] Undefined index: Field D:\server\myshop\App\Gii\Code_templates\config.php 第 58 行.
NOTIC: [8] Undefined index: Null D:\server\myshop\App\Gii\Code_templates\config.php 第 60 行.
NOTIC: [8] Undefined index: Key D:\server\myshop\App\Gii\Code_templates\config.php 第 62 行.
NOTIC: [8] Undefined index: Field D:\server\myshop\App\Gii\Code_templates\config.php 第 58 行.
NOTIC: [8] Undefined index: Null D:\server\myshop\App\Gii\Code_templates\config.php 第 60 行.
NOTIC: [8] Undefined index: Key D:\server\myshop\App\Gii\Code_templates\config.php 第 62 行.
NOTIC: [8] Undefined index: Field D:\server\myshop\App\Gii\Code_templates\config.php 第 58 行.
NOTIC: [8] Undefined index: Null D:\server\myshop\App\Gii\Code_templates\config.php 第 60 行.
NOTIC: [8] Undefined index: Key D:\server\myshop\App\Gii\Code_templates\config.php 第 62 行.
NOTIC: [8] Undefined index: Field D:\server\myshop\App\Gii\Code_templates\config.php 第 70 行.
NOTIC: [8] Undefined index: Field D:\server\myshop\App\Gii\Code_templates\config.php 第 70 行.
NOTIC: [8] Undefined index: Field D:\server\myshop\App\Gii\Code_templates\config.php 第 70 行.
NOTIC: [8] Undefined index: Field D:\server\myshop\App\Gii\Code_templates\config.php 第 71 行.
NOTIC: [8] Undefined index: Comment D:\server\myshop\App\Gii\Code_templates\config.php 第 72 行.
NOTIC: [8] Undefined index: Field D:\server\myshop\App\Gii\Code_templates\config.php 第 73 行.
NOTIC: [8] Undefined index: Type D:\server\myshop\App\Gii\Code_templates\config.php 第 81 行.
NOTIC: [8] Undefined index: Type D:\server\myshop\App\Gii\Code_templates\config.php 第 83 行.
NOTIC: [8] Undefined index: Field D:\server\myshop\App\Gii\Code_templates\config.php 第 92 行.
NOTIC: [8] Undefined index: Default D:\server\myshop\App\Gii\Code_templates\config.php 第 97 行.
NOTIC: [8] Undefined index: Field D:\server\myshop\App\Gii\Code_templates\config.php 第 70 行.
NOTIC: [8] Undefined index: Field D:\server\myshop\App\Gii\Code_templates\config.php 第 70 行.
NOTIC: [8] Undefined index: Field D:\server\myshop\App\Gii\Code_templates\config.php 第 70 行.
NOTIC: [8] Undefined index: Field D:\server\myshop\App\Gii\Code_templates\config.php 第 71 行.
NOTIC: [8] Undefined index: Comment D:\server\myshop\App\Gii\Code_templates\config.php 第 72 行.
NOTIC: [8] Undefined index: Field D:\server\myshop\App\Gii\Code_templates\config.php 第 73 行.
NOTIC: [8] Undefined index: Type D:\server\myshop\App\Gii\Code_templates\config.php 第 81 行.
NOTIC: [8] Undefined index: Type D:\server\myshop\App\Gii\Code_templates\config.php 第 83 行.
NOTIC: [8] Undefined index: Field D:\server\myshop\App\Gii\Code_templates\config.php 第 92 行.
NOTIC: [8] Undefined index: Default D:\server\myshop\App\Gii\Code_templates\config.php 第 97 行.
NOTIC: [8] Undefined index: Field D:\server\myshop\App\Gii\Code_templates\config.php 第 70 行.
NOTIC: [8] Undefined index: Field D:\server\myshop\App\Gii\Code_templates\config.php 第 70 行.
NOTIC: [8] Undefined index: Field D:\server\myshop\App\Gii\Code_templates\config.php 第 70 行.
NOTIC: [8] Undefined index: Field D:\server\myshop\App\Gii\Code_templates\config.php 第 71 行.
NOTIC: [8] Undefined index: Comment D:\server\myshop\App\Gii\Code_templates\config.php 第 72 行.
NOTIC: [8] Undefined index: Field D:\server\myshop\App\Gii\Code_templates\config.php 第 73 行.
NOTIC: [8] Undefined index: Type D:\server\myshop\App\Gii\Code_templates\config.php 第 81 行.
NOTIC: [8] Undefined index: Type D:\server\myshop\App\Gii\Code_templates\config.php 第 83 行.
NOTIC: [8] Undefined index: Field D:\server\myshop\App\Gii\Code_templates\config.php 第 92 行.
NOTIC: [8] Undefined index: Default D:\server\myshop\App\Gii\Code_templates\config.php 第 97 行.
NOTIC: [8] Undefined index: Field D:\server\myshop\App\Gii\Code_templates\config.php 第 70 行.
NOTIC: [8] Undefined index: Field D:\server\myshop\App\Gii\Code_templates\config.php 第 70 行.
NOTIC: [8] Undefined index: Field D:\server\myshop\App\Gii\Code_templates\config.php 第 70 行.
NOTIC: [8] Undefined index: Field D:\server\myshop\App\Gii\Code_templates\config.php 第 71 行.
NOTIC: [8] Undefined index: Comment D:\server\myshop\App\Gii\Code_templates\config.php 第 72 行.
NOTIC: [8] Undefined index: Field D:\server\myshop\App\Gii\Code_templates\config.php 第 73 行.
NOTIC: [8] Undefined index: Type D:\server\myshop\App\Gii\Code_templates\config.php 第 81 行.
NOTIC: [8] Undefined index: Type D:\server\myshop\App\Gii\Code_templates\config.php 第 83 行.
NOTIC: [8] Undefined index: Field D:\server\myshop\App\Gii\Code_templates\config.php 第 92 行.
NOTIC: [8] Undefined index: Default D:\server\myshop\App\Gii\Code_templates\config.php 第 97 行.
NOTIC: [8] Undefined index: Field D:\server\myshop\App\Gii\Code_templates\config.php 第 70 行.
NOTIC: [8] Undefined index: Field D:\server\myshop\App\Gii\Code_templates\config.php 第 70 行.
NOTIC: [8] Undefined index: Field D:\server\myshop\App\Gii\Code_templates\config.php 第 70 行.
NOTIC: [8] Undefined index: Field D:\server\myshop\App\Gii\Code_templates\config.php 第 71 行.
NOTIC: [8] Undefined index: Comment D:\server\myshop\App\Gii\Code_templates\config.php 第 72 行.
NOTIC: [8] Undefined index: Field D:\server\myshop\App\Gii\Code_templates\config.php 第 73 行.
NOTIC: [8] Undefined index: Type D:\server\myshop\App\Gii\Code_templates\config.php 第 81 行.
NOTIC: [8] Undefined index: Type D:\server\myshop\App\Gii\Code_templates\config.php 第 83 行.
NOTIC: [8] Undefined index: Field D:\server\myshop\App\Gii\Code_templates\config.php 第 92 行.
NOTIC: [8] Undefined index: Default D:\server\myshop\App\Gii\Code_templates\config.php 第 97 行.
NOTIC: [8] Undefined index: Field D:\server\myshop\App\Gii\Code_templates\config.php 第 70 行.
NOTIC: [8] Undefined index: Field D:\server\myshop\App\Gii\Code_templates\config.php 第 70 行.
NOTIC: [8] Undefined index: Field D:\server\myshop\App\Gii\Code_templates\config.php 第 70 行.
NOTIC: [8] Undefined index: Field D:\server\myshop\App\Gii\Code_templates\config.php 第 71 行.
NOTIC: [8] Undefined index: Comment D:\server\myshop\App\Gii\Code_templates\config.php 第 72 行.
NOTIC: [8] Undefined index: Field D:\server\myshop\App\Gii\Code_templates\config.php 第 73 行.
NOTIC: [8] Undefined index: Type D:\server\myshop\App\Gii\Code_templates\config.php 第 81 行.
NOTIC: [8] Undefined index: Type D:\server\myshop\App\Gii\Code_templates\config.php 第 83 行.
NOTIC: [8] Undefined index: Field D:\server\myshop\App\Gii\Code_templates\config.php 第 92 行.
NOTIC: [8] Undefined index: Default D:\server\myshop\App\Gii\Code_templates\config.php 第 97 行.
NOTIC: [8] Undefined index: Field D:\server\myshop\App\Gii\Code_templates\config.php 第 70 行.
NOTIC: [8] Undefined index: Field D:\server\myshop\App\Gii\Code_templates\config.php 第 70 行.
NOTIC: [8] Undefined index: Field D:\server\myshop\App\Gii\Code_templates\config.php 第 70 行.
NOTIC: [8] Undefined index: Field D:\server\myshop\App\Gii\Code_templates\config.php 第 71 行.
NOTIC: [8] Undefined index: Comment D:\server\myshop\App\Gii\Code_templates\config.php 第 72 行.
NOTIC: [8] Undefined index: Field D:\server\myshop\App\Gii\Code_templates\config.php 第 73 行.
NOTIC: [8] Undefined index: Type D:\server\myshop\App\Gii\Code_templates\config.php 第 81 行.
NOTIC: [8] Undefined index: Type D:\server\myshop\App\Gii\Code_templates\config.php 第 83 行.
NOTIC: [8] Undefined index: Field D:\server\myshop\App\Gii\Code_templates\config.php 第 92 行.
NOTIC: [8] Undefined index: Default D:\server\myshop\App\Gii\Code_templates\config.php 第 97 行.
NOTIC: [8] Undefined index: Field D:\server\myshop\App\Gii\Code_templates\config.php 第 70 行.
NOTIC: [8] Undefined index: Field D:\server\myshop\App\Gii\Code_templates\config.php 第 70 行.
NOTIC: [8] Undefined index: Field D:\server\myshop\App\Gii\Code_templates\config.php 第 70 行.
NOTIC: [8] Undefined index: Field D:\server\myshop\App\Gii\Code_templates\config.php 第 71 行.
NOTIC: [8] Undefined index: Comment D:\server\myshop\App\Gii\Code_templates\config.php 第 72 行.
NOTIC: [8] Undefined index: Field D:\server\myshop\App\Gii\Code_templates\config.php 第 73 行.
NOTIC: [8] Undefined index: Type D:\server\myshop\App\Gii\Code_templates\config.php 第 81 行.
NOTIC: [8] Undefined index: Type D:\server\myshop\App\Gii\Code_templates\config.php 第 83 行.
NOTIC: [8] Undefined index: Field D:\server\myshop\App\Gii\Code_templates\config.php 第 92 行.
NOTIC: [8] Undefined index: Default D:\server\myshop\App\Gii\Code_templates\config.php 第 97 行.
NOTIC: [8] Undefined index: Field D:\server\myshop\App\Gii\Code_templates\config.php 第 70 行.
NOTIC: [8] Undefined index: Field D:\server\myshop\App\Gii\Code_templates\config.php 第 70 行.
NOTIC: [8] Undefined index: Field D:\server\myshop\App\Gii\Code_templates\config.php 第 70 行.
NOTIC: [8] Undefined index: Field D:\server\myshop\App\Gii\Code_templates\config.php 第 71 行.
NOTIC: [8] Undefined index: Comment D:\server\myshop\App\Gii\Code_templates\config.php 第 72 行.
NOTIC: [8] Undefined index: Field D:\server\myshop\App\Gii\Code_templates\config.php 第 73 行.
NOTIC: [8] Undefined index: Type D:\server\myshop\App\Gii\Code_templates\config.php 第 81 行.
NOTIC: [8] Undefined index: Type D:\server\myshop\App\Gii\Code_templates\config.php 第 83 行.
NOTIC: [8] Undefined index: Field D:\server\myshop\App\Gii\Code_templates\config.php 第 92 行.
NOTIC: [8] Undefined index: Default D:\server\myshop\App\Gii\Code_templates\config.php 第 97 行.
NOTIC: [8] Undefined index: Field D:\server\myshop\App\Gii\Code_templates\config.php 第 104 行.
NOTIC: [8] Undefined index: Field D:\server\myshop\App\Gii\Code_templates\config.php 第 104 行.
NOTIC: [8] Undefined index: Field D:\server\myshop\App\Gii\Code_templates\config.php 第 104 行.
NOTIC: [8] Undefined index: Type D:\server\myshop\App\Gii\Code_templates\config.php 第 105 行.
NOTIC: [8] Undefined index: Type D:\server\myshop\App\Gii\Code_templates\config.php 第 107 行.
NOTIC: [8] Undefined index: Type D:\server\myshop\App\Gii\Code_templates\config.php 第 109 行.
NOTIC: [8] Undefined index: Type D:\server\myshop\App\Gii\Code_templates\config.php 第 111 行.
NOTIC: [8] Undefined index: Field D:\server\myshop\App\Gii\Code_templates\config.php 第 114 行.
NOTIC: [8] Undefined index: Comment D:\server\myshop\App\Gii\Code_templates\config.php 第 114 行.
NOTIC: [8] Undefined index: Field D:\server\myshop\App\Gii\Code_templates\config.php 第 104 行.
NOTIC: [8] Undefined index: Field D:\server\myshop\App\Gii\Code_templates\config.php 第 104 行.
NOTIC: [8] Undefined index: Field D:\server\myshop\App\Gii\Code_templates\config.php 第 104 行.
NOTIC: [8] Undefined index: Type D:\server\myshop\App\Gii\Code_templates\config.php 第 105 行.
NOTIC: [8] Undefined index: Type D:\server\myshop\App\Gii\Code_templates\config.php 第 107 行.
NOTIC: [8] Undefined index: Type D:\server\myshop\App\Gii\Code_templates\config.php 第 109 行.
NOTIC: [8] Undefined index: Type D:\server\myshop\App\Gii\Code_templates\config.php 第 111 行.
NOTIC: [8] Undefined index: Field D:\server\myshop\App\Gii\Code_templates\config.php 第 114 行.
NOTIC: [8] Undefined index: Comment D:\server\myshop\App\Gii\Code_templates\config.php 第 114 行.
NOTIC: [8] Undefined index: Field D:\server\myshop\App\Gii\Code_templates\config.php 第 104 行.
NOTIC: [8] Undefined index: Field D:\server\myshop\App\Gii\Code_templates\config.php 第 104 行.
NOTIC: [8] Undefined index: Field D:\server\myshop\App\Gii\Code_templates\config.php 第 104 行.
NOTIC: [8] Undefined index: Type D:\server\myshop\App\Gii\Code_templates\config.php 第 105 行.
NOTIC: [8] Undefined index: Type D:\server\myshop\App\Gii\Code_templates\config.php 第 107 行.
NOTIC: [8] Undefined index: Type D:\server\myshop\App\Gii\Code_templates\config.php 第 109 行.
NOTIC: [8] Undefined index: Type D:\server\myshop\App\Gii\Code_templates\config.php 第 111 行.
NOTIC: [8] Undefined index: Field D:\server\myshop\App\Gii\Code_templates\config.php 第 114 行.
NOTIC: [8] Undefined index: Comment D:\server\myshop\App\Gii\Code_templates\config.php 第 114 行.
NOTIC: [8] Undefined index: Field D:\server\myshop\App\Gii\Code_templates\config.php 第 104 行.
NOTIC: [8] Undefined index: Field D:\server\myshop\App\Gii\Code_templates\config.php 第 104 行.
NOTIC: [8] Undefined index: Field D:\server\myshop\App\Gii\Code_templates\config.php 第 104 行.
NOTIC: [8] Undefined index: Type D:\server\myshop\App\Gii\Code_templates\config.php 第 105 行.
NOTIC: [8] Undefined index: Type D:\server\myshop\App\Gii\Code_templates\config.php 第 107 行.
NOTIC: [8] Undefined index: Type D:\server\myshop\App\Gii\Code_templates\config.php 第 109 行.
NOTIC: [8] Undefined index: Type D:\server\myshop\App\Gii\Code_templates\config.php 第 111 行.
NOTIC: [8] Undefined index: Field D:\server\myshop\App\Gii\Code_templates\config.php 第 114 行.
NOTIC: [8] Undefined index: Comment D:\server\myshop\App\Gii\Code_templates\config.php 第 114 行.
NOTIC: [8] Undefined index: Field D:\server\myshop\App\Gii\Code_templates\config.php 第 104 行.
NOTIC: [8] Undefined index: Field D:\server\myshop\App\Gii\Code_templates\config.php 第 104 行.
NOTIC: [8] Undefined index: Field D:\server\myshop\App\Gii\Code_templates\config.php 第 104 行.
NOTIC: [8] Undefined index: Type D:\server\myshop\App\Gii\Code_templates\config.php 第 105 行.
NOTIC: [8] Undefined index: Type D:\server\myshop\App\Gii\Code_templates\config.php 第 107 行.
NOTIC: [8] Undefined index: Type D:\server\myshop\App\Gii\Code_templates\config.php 第 109 行.
NOTIC: [8] Undefined index: Type D:\server\myshop\App\Gii\Code_templates\config.php 第 111 行.
NOTIC: [8] Undefined index: Field D:\server\myshop\App\Gii\Code_templates\config.php 第 114 行.
NOTIC: [8] Undefined index: Comment D:\server\myshop\App\Gii\Code_templates\config.php 第 114 行.
NOTIC: [8] Undefined index: Field D:\server\myshop\App\Gii\Code_templates\config.php 第 104 行.
NOTIC: [8] Undefined index: Field D:\server\myshop\App\Gii\Code_templates\config.php 第 104 行.
NOTIC: [8] Undefined index: Field D:\server\myshop\App\Gii\Code_templates\config.php 第 104 行.
NOTIC: [8] Undefined index: Type D:\server\myshop\App\Gii\Code_templates\config.php 第 105 行.
NOTIC: [8] Undefined index: Type D:\server\myshop\App\Gii\Code_templates\config.php 第 107 行.
NOTIC: [8] Undefined index: Type D:\server\myshop\App\Gii\Code_templates\config.php 第 109 行.
NOTIC: [8] Undefined index: Type D:\server\myshop\App\Gii\Code_templates\config.php 第 111 行.
NOTIC: [8] Undefined index: Field D:\server\myshop\App\Gii\Code_templates\config.php 第 114 行.
NOTIC: [8] Undefined index: Comment D:\server\myshop\App\Gii\Code_templates\config.php 第 114 行.
NOTIC: [8] Undefined index: Field D:\server\myshop\App\Gii\Code_templates\config.php 第 104 行.
NOTIC: [8] Undefined index: Field D:\server\myshop\App\Gii\Code_templates\config.php 第 104 行.
NOTIC: [8] Undefined index: Field D:\server\myshop\App\Gii\Code_templates\config.php 第 104 行.
NOTIC: [8] Undefined index: Type D:\server\myshop\App\Gii\Code_templates\config.php 第 105 行.
NOTIC: [8] Undefined index: Type D:\server\myshop\App\Gii\Code_templates\config.php 第 107 行.
NOTIC: [8] Undefined index: Type D:\server\myshop\App\Gii\Code_templates\config.php 第 109 行.
NOTIC: [8] Undefined index: Type D:\server\myshop\App\Gii\Code_templates\config.php 第 111 行.
NOTIC: [8] Undefined index: Field D:\server\myshop\App\Gii\Code_templates\config.php 第 114 行.
NOTIC: [8] Undefined index: Comment D:\server\myshop\App\Gii\Code_templates\config.php 第 114 行.
NOTIC: [8] Undefined index: Field D:\server\myshop\App\Gii\Code_templates\config.php 第 104 行.
NOTIC: [8] Undefined index: Field D:\server\myshop\App\Gii\Code_templates\config.php 第 104 行.
NOTIC: [8] Undefined index: Field D:\server\myshop\App\Gii\Code_templates\config.php 第 104 行.
NOTIC: [8] Undefined index: Type D:\server\myshop\App\Gii\Code_templates\config.php 第 105 行.
NOTIC: [8] Undefined index: Type D:\server\myshop\App\Gii\Code_templates\config.php 第 107 行.
NOTIC: [8] Undefined index: Type D:\server\myshop\App\Gii\Code_templates\config.php 第 109 行.
NOTIC: [8] Undefined index: Type D:\server\myshop\App\Gii\Code_templates\config.php 第 111 行.
NOTIC: [8] Undefined index: Field D:\server\myshop\App\Gii\Code_templates\config.php 第 114 行.
NOTIC: [8] Undefined index: Comment D:\server\myshop\App\Gii\Code_templates\config.php 第 114 行.
NOTIC: [8] Undefined index: Field D:\server\myshop\App\Gii\Code_templates\config.php 第 104 行.
NOTIC: [8] Undefined index: Field D:\server\myshop\App\Gii\Code_templates\config.php 第 104 行.
NOTIC: [8] Undefined index: Field D:\server\myshop\App\Gii\Code_templates\config.php 第 104 行.
NOTIC: [8] Undefined index: Type D:\server\myshop\App\Gii\Code_templates\config.php 第 105 行.
NOTIC: [8] Undefined index: Type D:\server\myshop\App\Gii\Code_templates\config.php 第 107 行.
NOTIC: [8] Undefined index: Type D:\server\myshop\App\Gii\Code_templates\config.php 第 109 行.
NOTIC: [8] Undefined index: Type D:\server\myshop\App\Gii\Code_templates\config.php 第 111 行.
NOTIC: [8] Undefined index: Field D:\server\myshop\App\Gii\Code_templates\config.php 第 114 行.
NOTIC: [8] Undefined index: Comment D:\server\myshop\App\Gii\Code_templates\config.php 第 114 行.
INFO: [ view_parse ] --START--
INFO: [ template_filter ] --START--
INFO: Run Behavior\ContentReplaceBehavior [ RunTime:0.000266s ]
INFO: [ template_filter ] --END-- [ RunTime:0.000350s ]
INFO: Run Behavior\ParseTemplateBehavior [ RunTime:0.011296s ]
INFO: [ view_parse ] --END-- [ RunTime:0.011379s ]
INFO: [ view_filter ] --START--
INFO: Run Behavior\WriteHtmlCacheBehavior [ RunTime:0.000596s ]
INFO: [ view_filter ] --END-- [ RunTime:0.000653s ]

[ 2015-10-11T01:25:14+08:00 ] 127.0.0.1 /index.php/Gii
INFO: [ app_init ] --START--
INFO: Run Behavior\BuildLiteBehavior [ RunTime:0.000022s ]
INFO: [ app_init ] --END-- [ RunTime:0.000700s ]
INFO: [ app_begin ] --START--
INFO: Run Behavior\ReadHtmlCacheBehavior [ RunTime:0.001583s ]
INFO: [ app_begin ] --END-- [ RunTime:0.003049s ]
INFO: [ view_parse ] --START--
INFO: [ template_filter ] --START--
INFO: Run Behavior\ContentReplaceBehavior [ RunTime:0.000074s ]
INFO: [ template_filter ] --END-- [ RunTime:0.000158s ]
INFO: Run Behavior\ParseTemplateBehavior [ RunTime:0.013454s ]
INFO: [ view_parse ] --END-- [ RunTime:0.013539s ]
INFO: [ view_filter ] --START--
INFO: Run Behavior\WriteHtmlCacheBehavior [ RunTime:0.000442s ]
INFO: [ view_filter ] --END-- [ RunTime:0.000500s ]
INFO: [ app_end ] --START--
INFO: Run Behavior\ShowPageTraceBehavior [ RunTime:0.001275s ]
INFO: [ app_end ] --END-- [ RunTime:0.001340s ]

[ 2015-10-11T09:02:51+08:00 ] 127.0.0.1 /index.php/Gii
INFO: [ app_init ] --START--
INFO: Run Behavior\BuildLiteBehavior [ RunTime:0.000029s ]
INFO: [ app_init ] --END-- [ RunTime:0.016479s ]
INFO: [ app_begin ] --START--
INFO: Run Behavior\ReadHtmlCacheBehavior [ RunTime:0.016110s ]
INFO: [ app_begin ] --END-- [ RunTime:0.016215s ]
INFO: [ view_parse ] --START--
INFO: [ template_filter ] --START--
INFO: Run Behavior\ContentReplaceBehavior [ RunTime:0.000075s ]
INFO: [ template_filter ] --END-- [ RunTime:0.000158s ]
INFO: Run Behavior\ParseTemplateBehavior [ RunTime:0.168503s ]
INFO: [ view_parse ] --END-- [ RunTime:0.168599s ]
INFO: [ view_filter ] --START--
INFO: Run Behavior\WriteHtmlCacheBehavior [ RunTime:0.019581s ]
INFO: [ view_filter ] --END-- [ RunTime:0.019695s ]
INFO: [ app_end ] --START--
INFO: Run Behavior\ShowPageTraceBehavior [ RunTime:0.019558s ]
INFO: [ app_end ] --END-- [ RunTime:0.019664s ]

[ 2015-10-11T09:03:16+08:00 ] 127.0.0.1 /index.php/Gii
INFO: [ app_init ] --START--
INFO: Run Behavior\BuildLiteBehavior [ RunTime:0.000024s ]
INFO: [ app_init ] --END-- [ RunTime:0.000908s ]
INFO: [ app_begin ] --START--
INFO: Run Behavior\ReadHtmlCacheBehavior [ RunTime:0.001246s ]
INFO: [ app_begin ] --END-- [ RunTime:0.001326s ]
SQL: show table status WHERE Name LIKE 'sh_category' [ RunTime:0.2176s ]
SQL: SHOW FULL FIELDS FROM sh_category [ RunTime:0.1020s ]
NOTIC: [8] Undefined index: Comment D:\server\myshop\App\Gii\Code_templates\config.php 第 3 行.
NOTIC: [8] Undefined index: Key D:\server\myshop\App\Gii\Code_templates\config.php 第 12 行.
NOTIC: [8] Undefined index: Field D:\server\myshop\App\Gii\Code_templates\config.php 第 17 行.
NOTIC: [8] Undefined index: Field D:\server\myshop\App\Gii\Code_templates\config.php 第 19 行.
NOTIC: [8] Undefined index: Field D:\server\myshop\App\Gii\Code_templates\config.php 第 21 行.
NOTIC: [8] Undefined index: Key D:\server\myshop\App\Gii\Code_templates\config.php 第 12 行.
NOTIC: [8] Undefined index: Field D:\server\myshop\App\Gii\Code_templates\config.php 第 17 行.
NOTIC: [8] Undefined index: Field D:\server\myshop\App\Gii\Code_templates\config.php 第 19 行.
NOTIC: [8] Undefined index: Field D:\server\myshop\App\Gii\Code_templates\config.php 第 21 行.
NOTIC: [8] Undefined index: Key D:\server\myshop\App\Gii\Code_templates\config.php 第 12 行.
NOTIC: [8] Undefined index: Field D:\server\myshop\App\Gii\Code_templates\config.php 第 17 行.
NOTIC: [8] Undefined index: Field D:\server\myshop\App\Gii\Code_templates\config.php 第 19 行.
NOTIC: [8] Undefined index: Field D:\server\myshop\App\Gii\Code_templates\config.php 第 21 行.
NOTIC: [8] Undefined index: Field D:\server\myshop\App\Gii\Code_templates\config.php 第 32 行.
NOTIC: [8] Undefined index: Field D:\server\myshop\App\Gii\Code_templates\config.php 第 32 行.
NOTIC: [8] Undefined index: Field D:\server\myshop\App\Gii\Code_templates\config.php 第 32 行.
NOTIC: [8] Undefined index: Null D:\server\myshop\App\Gii\Code_templates\config.php 第 34 行.
NOTIC: [8] Undefined index: Field D:\server\myshop\App\Gii\Code_templates\config.php 第 37 行.
NOTIC: [8] Undefined index: Type D:\server\myshop\App\Gii\Code_templates\config.php 第 40 行.
NOTIC: [8] Undefined index: Type D:\server\myshop\App\Gii\Code_templates\config.php 第 43 行.
NOTIC: [8] Undefined index: Type D:\server\myshop\App\Gii\Code_templates\config.php 第 46 行.
NOTIC: [8] Undefined index: Type D:\server\myshop\App\Gii\Code_templates\config.php 第 49 行.
NOTIC: [8] Undefined index: Type D:\server\myshop\App\Gii\Code_templates\config.php 第 52 行.
NOTIC: [8] Undefined index: Field D:\server\myshop\App\Gii\Code_templates\config.php 第 32 行.
NOTIC: [8] Undefined index: Field D:\server\myshop\App\Gii\Code_templates\config.php 第 32 行.
NOTIC: [8] Undefined index: Field D:\server\myshop\App\Gii\Code_templates\config.php 第 32 行.
NOTIC: [8] Undefined index: Null D:\server\myshop\App\Gii\Code_templates\config.php 第 34 行.
NOTIC: [8] Undefined index: Field D:\server\myshop\App\Gii\Code_templates\config.php 第 37 行.
NOTIC: [8] Undefined index: Type D:\server\myshop\App\Gii\Code_templates\config.php 第 40 行.
NOTIC: [8] Undefined index: Type D:\server\myshop\App\Gii\Code_templates\config.php 第 43 行.
NOTIC: [8] Undefined index: Type D:\server\myshop\App\Gii\Code_templates\config.php 第 46 行.
NOTIC: [8] Undefined index: Type D:\server\myshop\App\Gii\Code_templates\config.php 第 49 行.
NOTIC: [8] Undefined index: Type D:\server\myshop\App\Gii\Code_templates\config.php 第 52 行.
NOTIC: [8] Undefined index: Field D:\server\myshop\App\Gii\Code_templates\config.php 第 32 行.
NOTIC: [8] Undefined index: Field D:\server\myshop\App\Gii\Code_templates\config.php 第 32 行.
NOTIC: [8] Undefined index: Field D:\server\myshop\App\Gii\Code_templates\config.php 第 32 行.
NOTIC: [8] Undefined index: Null D:\server\myshop\App\Gii\Code_templates\config.php 第 34 行.
NOTIC: [8] Undefined index: Field D:\server\myshop\App\Gii\Code_templates\config.php 第 37 行.
NOTIC: [8] Undefined index: Type D:\server\myshop\App\Gii\Code_templates\config.php 第 40 行.
NOTIC: [8] Undefined index: Type D:\server\myshop\App\Gii\Code_templates\config.php 第 43 行.
NOTIC: [8] Undefined index: Type D:\server\myshop\App\Gii\Code_templates\config.php 第 46 行.
NOTIC: [8] Undefined index: Type D:\server\myshop\App\Gii\Code_templates\config.php 第 49 行.
NOTIC: [8] Undefined index: Type D:\server\myshop\App\Gii\Code_templates\config.php 第 52 行.
NOTIC: [8] Undefined index: Field D:\server\myshop\App\Gii\Code_templates\config.php 第 58 行.
NOTIC: [8] Undefined index: Null D:\server\myshop\App\Gii\Code_templates\config.php 第 60 行.
NOTIC: [8] Undefined index: Key D:\server\myshop\App\Gii\Code_templates\config.php 第 62 行.
NOTIC: [8] Undefined index: Field D:\server\myshop\App\Gii\Code_templates\config.php 第 58 行.
NOTIC: [8] Undefined index: Null D:\server\myshop\App\Gii\Code_templates\config.php 第 60 行.
NOTIC: [8] Undefined index: Key D:\server\myshop\App\Gii\Code_templates\config.php 第 62 行.
NOTIC: [8] Undefined index: Field D:\server\myshop\App\Gii\Code_templates\config.php 第 58 行.
NOTIC: [8] Undefined index: Null D:\server\myshop\App\Gii\Code_templates\config.php 第 60 行.
NOTIC: [8] Undefined index: Key D:\server\myshop\App\Gii\Code_templates\config.php 第 62 行.
NOTIC: [8] Undefined index: Field D:\server\myshop\App\Gii\Code_templates\config.php 第 70 行.
NOTIC: [8] Undefined index: Field D:\server\myshop\App\Gii\Code_templates\config.php 第 70 行.
NOTIC: [8] Undefined index: Field D:\server\myshop\App\Gii\Code_templates\config.php 第 70 行.
NOTIC: [8] Undefined index: Field D:\server\myshop\App\Gii\Code_templates\config.php 第 71 行.
NOTIC: [8] Undefined index: Comment D:\server\myshop\App\Gii\Code_templates\config.php 第 72 行.
NOTIC: [8] Undefined index: Field D:\server\myshop\App\Gii\Code_templates\config.php 第 73 行.
NOTIC: [8] Undefined index: Type D:\server\myshop\App\Gii\Code_templates\config.php 第 81 行.
NOTIC: [8] Undefined index: Type D:\server\myshop\App\Gii\Code_templates\config.php 第 83 行.
NOTIC: [8] Undefined index: Field D:\server\myshop\App\Gii\Code_templates\config.php 第 92 行.
NOTIC: [8] Undefined index: Default D:\server\myshop\App\Gii\Code_templates\config.php 第 97 行.
NOTIC: [8] Undefined index: Field D:\server\myshop\App\Gii\Code_templates\config.php 第 70 行.
NOTIC: [8] Undefined index: Field D:\server\myshop\App\Gii\Code_templates\config.php 第 70 行.
NOTIC: [8] Undefined index: Field D:\server\myshop\App\Gii\Code_templates\config.php 第 70 行.
NOTIC: [8] Undefined index: Field D:\server\myshop\App\Gii\Code_templates\config.php 第 71 行.
NOTIC: [8] Undefined index: Comment D:\server\myshop\App\Gii\Code_templates\config.php 第 72 行.
NOTIC: [8] Undefined index: Field D:\server\myshop\App\Gii\Code_templates\config.php 第 73 行.
NOTIC: [8] Undefined index: Type D:\server\myshop\App\Gii\Code_templates\config.php 第 81 行.
NOTIC: [8] Undefined index: Type D:\server\myshop\App\Gii\Code_templates\config.php 第 83 行.
NOTIC: [8] Undefined index: Field D:\server\myshop\App\Gii\Code_templates\config.php 第 92 行.
NOTIC: [8] Undefined index: Default D:\server\myshop\App\Gii\Code_templates\config.php 第 97 行.
NOTIC: [8] Undefined index: Field D:\server\myshop\App\Gii\Code_templates\config.php 第 70 行.
NOTIC: [8] Undefined index: Field D:\server\myshop\App\Gii\Code_templates\config.php 第 70 行.
NOTIC: [8] Undefined index: Field D:\server\myshop\App\Gii\Code_templates\config.php 第 70 行.
NOTIC: [8] Undefined index: Field D:\server\myshop\App\Gii\Code_templates\config.php 第 71 行.
NOTIC: [8] Undefined index: Comment D:\server\myshop\App\Gii\Code_templates\config.php 第 72 行.
NOTIC: [8] Undefined index: Field D:\server\myshop\App\Gii\Code_templates\config.php 第 73 行.
NOTIC: [8] Undefined index: Type D:\server\myshop\App\Gii\Code_templates\config.php 第 81 行.
NOTIC: [8] Undefined index: Type D:\server\myshop\App\Gii\Code_templates\config.php 第 83 行.
NOTIC: [8] Undefined index: Field D:\server\myshop\App\Gii\Code_templates\config.php 第 92 行.
NOTIC: [8] Undefined index: Default D:\server\myshop\App\Gii\Code_templates\config.php 第 97 行.
NOTIC: [8] Undefined index: Field D:\server\myshop\App\Gii\Code_templates\config.php 第 104 行.
NOTIC: [8] Undefined index: Field D:\server\myshop\App\Gii\Code_templates\config.php 第 104 行.
NOTIC: [8] Undefined index: Field D:\server\myshop\App\Gii\Code_templates\config.php 第 104 行.
NOTIC: [8] Undefined index: Type D:\server\myshop\App\Gii\Code_templates\config.php 第 105 行.
NOTIC: [8] Undefined index: Type D:\server\myshop\App\Gii\Code_templates\config.php 第 107 行.
NOTIC: [8] Undefined index: Type D:\server\myshop\App\Gii\Code_templates\config.php 第 109 行.
NOTIC: [8] Undefined index: Type D:\server\myshop\App\Gii\Code_templates\config.php 第 111 行.
NOTIC: [8] Undefined index: Field D:\server\myshop\App\Gii\Code_templates\config.php 第 114 行.
NOTIC: [8] Undefined index: Comment D:\server\myshop\App\Gii\Code_templates\config.php 第 114 行.
NOTIC: [8] Undefined index: Field D:\server\myshop\App\Gii\Code_templates\config.php 第 104 行.
NOTIC: [8] Undefined index: Field D:\server\myshop\App\Gii\Code_templates\config.php 第 104 行.
NOTIC: [8] Undefined index: Field D:\server\myshop\App\Gii\Code_templates\config.php 第 104 行.
NOTIC: [8] Undefined index: Type D:\server\myshop\App\Gii\Code_templates\config.php 第 105 行.
NOTIC: [8] Undefined index: Type D:\server\myshop\App\Gii\Code_templates\config.php 第 107 行.
NOTIC: [8] Undefined index: Type D:\server\myshop\App\Gii\Code_templates\config.php 第 109 行.
NOTIC: [8] Undefined index: Type D:\server\myshop\App\Gii\Code_templates\config.php 第 111 行.
NOTIC: [8] Undefined index: Field D:\server\myshop\App\Gii\Code_templates\config.php 第 114 行.
NOTIC: [8] Undefined index: Comment D:\server\myshop\App\Gii\Code_templates\config.php 第 114 行.
NOTIC: [8] Undefined index: Field D:\server\myshop\App\Gii\Code_templates\config.php 第 104 行.
NOTIC: [8] Undefined index: Field D:\server\myshop\App\Gii\Code_templates\config.php 第 104 行.
NOTIC: [8] Undefined index: Field D:\server\myshop\App\Gii\Code_templates\config.php 第 104 行.
NOTIC: [8] Undefined index: Type D:\server\myshop\App\Gii\Code_templates\config.php 第 105 行.
NOTIC: [8] Undefined index: Type D:\server\myshop\App\Gii\Code_templates\config.php 第 107 行.
NOTIC: [8] Undefined index: Type D:\server\myshop\App\Gii\Code_templates\config.php 第 109 行.
NOTIC: [8] Undefined index: Type D:\server\myshop\App\Gii\Code_templates\config.php 第 111 行.
NOTIC: [8] Undefined index: Field D:\server\myshop\App\Gii\Code_templates\config.php 第 114 行.
NOTIC: [8] Undefined index: Comment D:\server\myshop\App\Gii\Code_templates\config.php 第 114 行.
INFO: [ view_parse ] --START--
INFO: [ template_filter ] --START--
INFO: Run Behavior\ContentReplaceBehavior [ RunTime:0.000098s ]
INFO: [ template_filter ] --END-- [ RunTime:0.000186s ]
INFO: Run Behavior\ParseTemplateBehavior [ RunTime:0.037504s ]
INFO: [ view_parse ] --END-- [ RunTime:0.037598s ]
INFO: [ view_filter ] --START--
INFO: Run Behavior\WriteHtmlCacheBehavior [ RunTime:0.001075s ]
INFO: [ view_filter ] --END-- [ RunTime:0.001145s ]

[ 2015-10-11T09:03:18+08:00 ] 127.0.0.1 /index.php/Gii
INFO: [ app_init ] --START--
INFO: Run Behavior\BuildLiteBehavior [ RunTime:0.000025s ]
INFO: [ app_init ] --END-- [ RunTime:0.000804s ]
INFO: [ app_begin ] --START--
INFO: Run Behavior\ReadHtmlCacheBehavior [ RunTime:0.001276s ]
INFO: [ app_begin ] --END-- [ RunTime:0.001409s ]
INFO: [ view_parse ] --START--
INFO: [ template_filter ] --START--
INFO: Run Behavior\ContentReplaceBehavior [ RunTime:0.000071s ]
INFO: [ template_filter ] --END-- [ RunTime:0.000148s ]
INFO: Run Behavior\ParseTemplateBehavior [ RunTime:0.013407s ]
INFO: [ view_parse ] --END-- [ RunTime:0.013499s ]
INFO: [ view_filter ] --START--
INFO: Run Behavior\WriteHtmlCacheBehavior [ RunTime:0.000536s ]
INFO: [ view_filter ] --END-- [ RunTime:0.000597s ]
INFO: [ app_end ] --START--
INFO: Run Behavior\ShowPageTraceBehavior [ RunTime:0.001574s ]
INFO: [ app_end ] --END-- [ RunTime:0.001646s ]

